Using pre-set license
Built from '2020.3/release' branch; Version is '2020.3.12f1 (b3b2c6512326) revision 11776710'; Using compiler version '192528614'; Build Type 'Release'
OS: 'Windows 10 Home; OS build 19042.1415; Version 2009; 64bit' Language: 'ko' Physical Memory: 49083 MB
BatchMode: 1, IsHumanControllingUs: 0, StartBugReporterOnCrash: 0, Is64bit: 1, IsPro: 0

 COMMAND LINE ARGUMENTS:
E:\Unity\2020.3.12f1\Editor\Unity.exe
-adb2
-batchMode
-noUpm
-name
AssetImportWorker0
-projectPath
E:/Graphic/URP
-logFile
Logs/AssetImportWorker0.log
-srvPort
60497
Successfully changed project path to: E:/Graphic/URP
E:/Graphic/URP
Using Asset Import Pipeline V2.
Refreshing native plugins compatible for Editor in 49.15 ms, found 2 plugins.
Preloading 0 native plugins for Editor in 0.00 ms.
Initialize engine version: 2020.3.12f1 (b3b2c6512326)
[Subsystems] Discovering subsystems at path E:/Unity/2020.3.12f1/Editor/Data/Resources/UnitySubsystems
[Subsystems] Discovering subsystems at path E:/Graphic/URP/Assets
GfxDevice: creating device client; threaded=0
Direct3D:
    Version:  Direct3D 11.0 [level 11.1]
    Renderer: NVIDIA GeForce RTX 3080 (ID=0x2206)
    Vendor:   
    VRAM:     10077 MB
    Driver:   27.21.14.6079
Shader 'Universal Render Pipeline/Particles/Lit': fallback shader 'Universal Render Pipeline/Particles/SimpleLit' not found
Initialize mono
Mono path[0] = 'E:/Unity/2020.3.12f1/Editor/Data/Managed'
Mono path[1] = 'E:/Unity/2020.3.12f1/Editor/Data/MonoBleedingEdge/lib/mono/unityjit'
Mono config path = 'E:/Unity/2020.3.12f1/Editor/Data/MonoBleedingEdge/etc'
Using monoOptions --debugger-agent=transport=dt_socket,embedding=1,server=y,suspend=n,address=127.0.0.1:56696
Begin MonoManager ReloadAssembly
Registering precompiled unity dll's ...
Register platform support module: E:/Unity/2020.3.12f1/Editor/Data/PlaybackEngines/WindowsStandaloneSupport/UnityEditor.WindowsStandalone.Extensions.dll
Registered in 0.001068 seconds.
Native extension for WindowsStandalone target not found
Refreshing native plugins compatible for Editor in 57.85 ms, found 2 plugins.
Preloading 0 native plugins for Editor in 0.00 ms.
Mono: successfully reloaded assembly
- Completed reload, in  0.979 seconds
Platform modules already initialized, skipping
Registering precompiled user dll's ...
Registered in 0.003681 seconds.
Begin MonoManager ReloadAssembly
Native extension for WindowsStandalone target not found
Refreshing native plugins compatible for Editor in 61.96 ms, found 2 plugins.
Preloading 0 native plugins for Editor in 0.00 ms.
Mono: successfully reloaded assembly
- Completed reload, in  1.184 seconds
Platform modules already initialized, skipping
========================================================================
Worker process is ready to serve import requests
Shader 'Universal Render Pipeline/Particles/Lit': fallback shader 'Universal Render Pipeline/Particles/SimpleLit' not found
Launched and connected shader compiler UnityShaderCompiler.exe after 0.06 seconds
Refreshing native plugins compatible for Editor in 0.67 ms, found 2 plugins.
Preloading 0 native plugins for Editor in 0.00 ms.
Unloading 2816 Unused Serialized files (Serialized files now loaded: 0)
System memory in use before: 138.3 MB.
System memory in use after: 138.2 MB.

Unloading 26 unused Assets to reduce memory usage. Loaded Objects now: 3248.
Total: 3.472500 ms (FindLiveObjects: 0.635000 ms CreateObjectMapping: 0.081000 ms MarkObjects: 2.558400 ms  DeleteObjects: 0.196400 ms)

AssetImportParameters requested are different than current active one (requested -> active):
  custom:framework-win-MediaFoundation: 216162199b28c13a410421893ffa2e32 -> 
  custom:video-decoder-ogg-theora: a1e56fd34408186e4bbccfd4996cb3dc -> 
  custom:container-muxer-webm: aa71ff27fc2769a1b78a27578f13a17b -> 
  custom:container-demuxer-webm: 4f35f7cbe854078d1ac9338744f61a02 -> 
  custom:container-demuxer-ogg: 62fdf1f143b41e24485cea50d1cbac27 -> 
  custom:video-encoder-webm-vp8: eb34c28f22e8b96e1ab97ce403110664 -> 
  custom:video-decoder-webm-vp8: 9c59270c3fd7afecdb556c50c9e8de78 -> 
  custom:audio-decoder-ogg-vorbis: bf7c407c2cedff20999df2af8eb42d56 -> 
  custom:audio-encoder-webm-vorbis: bf7c407c2cedff20999df2af8eb42d56 -> 
========================================================================
Received Import Request.
  path: Assets/Effect
  artifactKey: Guid(0b33568d198ba654987041f077e5ad2f) Importer(815301076,1909f56bfc062723c751e8b465ee728b)
Start importing Assets/Effect using Guid(0b33568d198ba654987041f077e5ad2f) Importer(815301076,1909f56bfc062723c751e8b465ee728b)  -> (artifact id: '1864dca0f6ae301f4fbc647cc4e6df70') in 0.014354 seconds 
  Import took 0.020858 seconds .

========================================================================
Received Import Request.
  Time since last request: 5.784444 seconds.
  path: Packages/com.unity.render-pipelines.universal/Runtime/Materials/ParticlesUnlit.mat
  artifactKey: Guid(e823cd5b5d27c0f4b8256e7c12ee3e6d) Importer(815301076,1909f56bfc062723c751e8b465ee728b)
Start importing Packages/com.unity.render-pipelines.universal/Runtime/Materials/ParticlesUnlit.mat using Guid(e823cd5b5d27c0f4b8256e7c12ee3e6d) Importer(815301076,1909f56bfc062723c751e8b465ee728b)  -> (artifact id: 'a6d3bac30e0c3da08768836858914317') in 0.254852 seconds 
  Import took 0.260686 seconds .

========================================================================
Received Import Request.
  Time since last request: 7078.938912 seconds.
  path: Assets/TutorialInfo
  artifactKey: Guid(49110bb8dcada46328ad741970bce702) Importer(815301076,1909f56bfc062723c751e8b465ee728b)
Start importing Assets/TutorialInfo using Guid(49110bb8dcada46328ad741970bce702) Importer(815301076,1909f56bfc062723c751e8b465ee728b)  -> (artifact id: 'de5a30219286eb2a872f2f84d66d9616') in 0.008375 seconds 
  Import took 0.014182 seconds .

========================================================================
Received Import Request.
  Time since last request: 1.171665 seconds.
  path: Assets/TutorialInfo/Scripts
  artifactKey: Guid(5a9bcd70e6a4b4b05badaa72e827d8e0) Importer(815301076,1909f56bfc062723c751e8b465ee728b)
Start importing Assets/TutorialInfo/Scripts using Guid(5a9bcd70e6a4b4b05badaa72e827d8e0) Importer(815301076,1909f56bfc062723c751e8b465ee728b)  -> (artifact id: '2381cffa6438b17ca19b3c642f224055') in 0.024946 seconds 
  Import took 0.030162 seconds .

========================================================================
Received Import Request.
  Time since last request: 2.908301 seconds.
  path: Assets/Materials
  artifactKey: Guid(d0234ba368eeec9418390da711bfdad0) Importer(815301076,1909f56bfc062723c751e8b465ee728b)
Start importing Assets/Materials using Guid(d0234ba368eeec9418390da711bfdad0) Importer(815301076,1909f56bfc062723c751e8b465ee728b)  -> (artifact id: 'dd1fccef896d48891410691dfde716e5') in 0.007727 seconds 
  Import took 0.013181 seconds .

========================================================================
Received Import Request.
  Time since last request: 0.003235 seconds.
  path: Assets/Materials
  artifactKey: Guid(d0234ba368eeec9418390da711bfdad0) Importer(815301076,1909f56bfc062723c751e8b465ee728b)
Start importing Assets/Materials using Guid(d0234ba368eeec9418390da711bfdad0) Importer(815301076,1909f56bfc062723c751e8b465ee728b)  -> (artifact id: 'dd1fccef896d48891410691dfde716e5') in 0.003343 seconds 
  Import took 0.007777 seconds .

========================================================================
Received Import Request.
  Time since last request: 0.122927 seconds.
  path: Assets/Materials/Skybox_Mat.mat
  artifactKey: Guid(0ffaa0b7117ba8c47a9d05ae701d4b4d) Importer(815301076,1909f56bfc062723c751e8b465ee728b)
Start importing Assets/Materials/Skybox_Mat.mat using Guid(0ffaa0b7117ba8c47a9d05ae701d4b4d) Importer(815301076,1909f56bfc062723c751e8b465ee728b)  -> (artifact id: '4d54ab3375f41efad00566dcae11def2') in 0.018707 seconds 
  Import took 0.023883 seconds .

========================================================================
Received Import Request.
  Time since last request: 1.237514 seconds.
  path: Assets/Lesson04
  artifactKey: Guid(645b0e74648a49c4c825b99dcdcd3ea2) Importer(815301076,1909f56bfc062723c751e8b465ee728b)
Start importing Assets/Lesson04 using Guid(645b0e74648a49c4c825b99dcdcd3ea2) Importer(815301076,1909f56bfc062723c751e8b465ee728b)  -> (artifact id: '1efa3ce062461f2bdf73e9a96f64a15e') in 0.007239 seconds 
  Import took 0.012296 seconds .

========================================================================
Received Import Request.
  Time since last request: 1.015065 seconds.
  path: Assets/Lesson04/Animations
  artifactKey: Guid(a92e4b6f1a099a248a10036a83af7e73) Importer(815301076,1909f56bfc062723c751e8b465ee728b)
Start importing Assets/Lesson04/Animations using Guid(a92e4b6f1a099a248a10036a83af7e73) Importer(815301076,1909f56bfc062723c751e8b465ee728b)  -> (artifact id: '497769d70d7b2a5d44f3b21884891de9') in 0.005787 seconds 
  Import took 0.010684 seconds .

========================================================================
Received Import Request.
  Time since last request: 13.979360 seconds.
  path: Assets/Lesson04/Prefabs
  artifactKey: Guid(1298c677d4c2e904094bf4e216e42b18) Importer(815301076,1909f56bfc062723c751e8b465ee728b)
Start importing Assets/Lesson04/Prefabs using Guid(1298c677d4c2e904094bf4e216e42b18) Importer(815301076,1909f56bfc062723c751e8b465ee728b)  -> (artifact id: '424000bda0d7548140a91195a2c495e1') in 0.006489 seconds 
  Import took 0.011484 seconds .

========================================================================
Received Import Request.
  Time since last request: 0.084753 seconds.
  path: Assets/Lesson04/Prefabs/FX_Buff_final.prefab
  artifactKey: Guid(343520f7d89d67b4a94da9863fd447a9) Importer(815301076,1909f56bfc062723c751e8b465ee728b)
Start importing Assets/Lesson04/Prefabs/FX_Buff_final.prefab using Guid(343520f7d89d67b4a94da9863fd447a9) Importer(815301076,1909f56bfc062723c751e8b465ee728b)  -> (artifact id: '6438cd98bdee264c4ee32093fc004d87') in 0.023654 seconds 
  Import took 0.028747 seconds .

========================================================================
Received Import Request.
  Time since last request: 0.000197 seconds.
  path: Assets/Lesson04/Prefabs/FX_Leaf_final.prefab
  artifactKey: Guid(06d9e83fc0014b8418296465f0d59e38) Importer(815301076,1909f56bfc062723c751e8b465ee728b)
Start importing Assets/Lesson04/Prefabs/FX_Leaf_final.prefab using Guid(06d9e83fc0014b8418296465f0d59e38) Importer(815301076,1909f56bfc062723c751e8b465ee728b)  -> (artifact id: '0b6e8b0e12b79f6f1a72f0584d28dd23') in 0.008163 seconds 
  Import took 0.012306 seconds .

========================================================================
Received Import Request.
  Time since last request: 0.000177 seconds.
  path: Assets/Lesson04/Prefabs/FX_StarDust_final.prefab
  artifactKey: Guid(0d8866a780964c140bf894e8aa7df43b) Importer(815301076,1909f56bfc062723c751e8b465ee728b)
Start importing Assets/Lesson04/Prefabs/FX_StarDust_final.prefab using Guid(0d8866a780964c140bf894e8aa7df43b) Importer(815301076,1909f56bfc062723c751e8b465ee728b)  -> (artifact id: 'e87470d860ff0718191b0cb5eb910af8') in 0.008257 seconds 
  Import took 0.012782 seconds .

========================================================================
Received Import Request.
  Time since last request: 0.000204 seconds.
  path: Assets/Lesson04/Prefabs/FX_Light.prefab
  artifactKey: Guid(e49bd167d3a009e46b405c8d5a0f91df) Importer(815301076,1909f56bfc062723c751e8b465ee728b)
Start importing Assets/Lesson04/Prefabs/FX_Light.prefab using Guid(e49bd167d3a009e46b405c8d5a0f91df) Importer(815301076,1909f56bfc062723c751e8b465ee728b)  -> (artifact id: '84a98188f3f043601a2755b0d4920015') in 0.007159 seconds 
  Import took 0.011676 seconds .

========================================================================
Received Import Request.
  Time since last request: 0.000189 seconds.
  path: Assets/Lesson04/Prefabs/FX_Guard_final.prefab
  artifactKey: Guid(753ce51f22fa5814b85abbd7715bae0a) Importer(815301076,1909f56bfc062723c751e8b465ee728b)
Start importing Assets/Lesson04/Prefabs/FX_Guard_final.prefab using Guid(753ce51f22fa5814b85abbd7715bae0a) Importer(815301076,1909f56bfc062723c751e8b465ee728b)  -> (artifact id: '6cd57d7eae01908c32dc445cd81c577e') in 0.009516 seconds 
  Import took 0.014412 seconds .

========================================================================
Received Import Request.
  Time since last request: 0.000184 seconds.
  path: Assets/Lesson04/Prefabs/FX_DustSample_final.prefab
  artifactKey: Guid(faaf896e6d26a554b92edbbb18838e65) Importer(815301076,1909f56bfc062723c751e8b465ee728b)
Start importing Assets/Lesson04/Prefabs/FX_DustSample_final.prefab using Guid(faaf896e6d26a554b92edbbb18838e65) Importer(815301076,1909f56bfc062723c751e8b465ee728b)  -> (artifact id: 'e00dcf2ab9aa1242ca5ca9484374be5b') in 0.008549 seconds 
  Import took 0.013883 seconds .

========================================================================
Received Import Request.
  Time since last request: 11.913774 seconds.
  path: Assets/Lesson04/Materials/M_lesson04_leaf01.mat
  artifactKey: Guid(adebdaa3eaa441049bea92c41aa7d318) Importer(815301076,1909f56bfc062723c751e8b465ee728b)
Start importing Assets/Lesson04/Materials/M_lesson04_leaf01.mat using Guid(adebdaa3eaa441049bea92c41aa7d318) Importer(815301076,1909f56bfc062723c751e8b465ee728b)  -> (artifact id: 'ba98d003b92635a5f9e0105b5fe1ab36') in 0.038407 seconds 
  Import took 0.043168 seconds .

========================================================================
Received Import Request.
  Time since last request: 0.022739 seconds.
  path: Assets/Lesson04/Materials/M_lesson04_leaf01.mat
  artifactKey: Guid(adebdaa3eaa441049bea92c41aa7d318) Importer(815301076,1909f56bfc062723c751e8b465ee728b)
Start importing Assets/Lesson04/Materials/M_lesson04_leaf01.mat using Guid(adebdaa3eaa441049bea92c41aa7d318) Importer(815301076,1909f56bfc062723c751e8b465ee728b)  -> (artifact id: 'ba98d003b92635a5f9e0105b5fe1ab36') in 0.011118 seconds 
  Import took 0.015912 seconds .

========================================================================
Received Import Request.
  Time since last request: 569.125084 seconds.
  path: Assets/Lesson04/Textures
  artifactKey: Guid(ad21565b64e721b4481a265b4b778879) Importer(815301076,1909f56bfc062723c751e8b465ee728b)
Start importing Assets/Lesson04/Textures using Guid(ad21565b64e721b4481a265b4b778879) Importer(815301076,1909f56bfc062723c751e8b465ee728b)  -> (artifact id: 'ac2edb7541627825098f2107b0138dd7') in 0.007269 seconds 
  Import took 0.012298 seconds .

========================================================================
Received Import Request.
  Time since last request: 0.068335 seconds.
  path: Assets/Lesson04/Textures/T_lesson04_base01.png
  artifactKey: Guid(bfe5f701fce28ca4ebb7e6f46735fc01) Importer(815301076,1909f56bfc062723c751e8b465ee728b)
Start importing Assets/Lesson04/Textures/T_lesson04_base01.png using Guid(bfe5f701fce28ca4ebb7e6f46735fc01) Importer(815301076,1909f56bfc062723c751e8b465ee728b)  -> (artifact id: 'e69d062072a2d2d83dff8b2ab6468320') in 0.082422 seconds 
  Import took 0.087075 seconds .

========================================================================
Received Import Request.
  Time since last request: 0.000199 seconds.
  path: Assets/Lesson04/Textures/T_lesson04_shockwave01.png
  artifactKey: Guid(11731fb3a82710f45be99672b0b1ccaa) Importer(815301076,1909f56bfc062723c751e8b465ee728b)
Start importing Assets/Lesson04/Textures/T_lesson04_shockwave01.png using Guid(11731fb3a82710f45be99672b0b1ccaa) Importer(815301076,1909f56bfc062723c751e8b465ee728b)  -> (artifact id: '81104db3dff24760e2f3509921615b7a') in 0.013342 seconds 
  Import took 0.017246 seconds .

========================================================================
Received Import Request.
  Time since last request: 0.000195 seconds.
  path: Assets/Lesson04/Textures/T_lesson04_trail01.png
  artifactKey: Guid(64223cde4cc63594aa221340e9346a35) Importer(815301076,1909f56bfc062723c751e8b465ee728b)
Start importing Assets/Lesson04/Textures/T_lesson04_trail01.png using Guid(64223cde4cc63594aa221340e9346a35) Importer(815301076,1909f56bfc062723c751e8b465ee728b)  -> (artifact id: 'e25ec4569379dd8c7054c2a963275aea') in 0.013059 seconds 
  Import took 0.018151 seconds .

========================================================================
Received Import Request.
  Time since last request: 0.000273 seconds.
  path: Assets/Lesson04/Textures/T_lesson04_trail02.png
  artifactKey: Guid(ce8e075ccf8b4ee4992682ad60a6c928) Importer(815301076,1909f56bfc062723c751e8b465ee728b)
Start importing Assets/Lesson04/Textures/T_lesson04_trail02.png using Guid(ce8e075ccf8b4ee4992682ad60a6c928) Importer(815301076,1909f56bfc062723c751e8b465ee728b)  -> (artifact id: 'eb45cc24fc0db9530fd70b152622ab66') in 0.016045 seconds 
  Import took 0.020231 seconds .

========================================================================
Received Import Request.
  Time since last request: 0.000211 seconds.
  path: Assets/Lesson04/Textures/T_lesson04_flare01.png
  artifactKey: Guid(65072ac5e6f01104c9f28371b031c6b0) Importer(815301076,1909f56bfc062723c751e8b465ee728b)
Start importing Assets/Lesson04/Textures/T_lesson04_flare01.png using Guid(65072ac5e6f01104c9f28371b031c6b0) Importer(815301076,1909f56bfc062723c751e8b465ee728b)  -> (artifact id: '4e1a41780a849a0413c9d084338365af') in 0.013191 seconds 
  Import took 0.017581 seconds .

========================================================================
Received Import Request.
  Time since last request: 0.000208 seconds.
  path: Assets/Lesson04/Textures/T_lesson04_impact01.png
  artifactKey: Guid(bf20ada76b7e87249a4b06d5cb388706) Importer(815301076,1909f56bfc062723c751e8b465ee728b)
Start importing Assets/Lesson04/Textures/T_lesson04_impact01.png using Guid(bf20ada76b7e87249a4b06d5cb388706) Importer(815301076,1909f56bfc062723c751e8b465ee728b)  -> (artifact id: '3434c77efaf425ced2c94b83a864ad20') in 0.010951 seconds 
  Import took 0.014865 seconds .

========================================================================
Received Import Request.
  Time since last request: 0.000202 seconds.
  path: Assets/Lesson04/Textures/T_lesson04_flare01.png
  artifactKey: Guid(65072ac5e6f01104c9f28371b031c6b0) Importer(815301076,1909f56bfc062723c751e8b465ee728b)
Start importing Assets/Lesson04/Textures/T_lesson04_flare01.png using Guid(65072ac5e6f01104c9f28371b031c6b0) Importer(815301076,1909f56bfc062723c751e8b465ee728b)  -> (artifact id: '4e1a41780a849a0413c9d084338365af') in 0.005565 seconds 
  Import took 0.010400 seconds .

========================================================================
Received Import Request.
  Time since last request: 0.000221 seconds.
  path: Assets/Lesson04/Textures/T_lesson04_flare02.png
  artifactKey: Guid(d0cd6fe6d2c15c748b16eda5c6740a71) Importer(815301076,1909f56bfc062723c751e8b465ee728b)
Start importing Assets/Lesson04/Textures/T_lesson04_flare02.png using Guid(d0cd6fe6d2c15c748b16eda5c6740a71) Importer(815301076,1909f56bfc062723c751e8b465ee728b)  -> (artifact id: '9aabd6417fdd59788726f0ba503a6a78') in 0.013100 seconds 
  Import took 0.018809 seconds .

========================================================================
Received Import Request.
  Time since last request: 0.000224 seconds.
  path: Assets/Lesson04/Textures/T_lesson04_leaf01.png
  artifactKey: Guid(20e04da7f03fedb4b9ae989d8b32ee2f) Importer(815301076,1909f56bfc062723c751e8b465ee728b)
Start importing Assets/Lesson04/Textures/T_lesson04_leaf01.png using Guid(20e04da7f03fedb4b9ae989d8b32ee2f) Importer(815301076,1909f56bfc062723c751e8b465ee728b)  -> (artifact id: '986dfa4751ce5036a45a15752073cbc3') in 0.010603 seconds 
  Import took 0.015494 seconds .

========================================================================
Received Import Request.
  Time since last request: 118.087994 seconds.
  path: Assets/BodyGuards/Meshes/Materials/Boduguard_01_D.mat
  artifactKey: Guid(27ec51287c78bfb479fe3729111634a4) Importer(815301076,1909f56bfc062723c751e8b465ee728b)
Start importing Assets/BodyGuards/Meshes/Materials/Boduguard_01_D.mat using Guid(27ec51287c78bfb479fe3729111634a4) Importer(815301076,1909f56bfc062723c751e8b465ee728b)  -> (artifact id: 'e093aceb0ecee23596d74ecfb65cad91') in 0.050834 seconds 
  Import took 0.056680 seconds .

========================================================================
Received Import Request.
  Time since last request: 0.000197 seconds.
  path: Assets/BodyGuards/Meshes/Materials/Boduguard_02_D.mat
  artifactKey: Guid(6fcd9d698ea07974abf39f90181445d2) Importer(815301076,1909f56bfc062723c751e8b465ee728b)
Start importing Assets/BodyGuards/Meshes/Materials/Boduguard_02_D.mat using Guid(6fcd9d698ea07974abf39f90181445d2) Importer(815301076,1909f56bfc062723c751e8b465ee728b)  -> (artifact id: '7bb30de08f1dc8af9e22fd82c36fd868') in 0.250118 seconds 
  Import took 0.255475 seconds .

========================================================================
Received Import Request.
  Time since last request: 0.000224 seconds.
  path: Assets/ExampleAssets/Materials/ConstructionLight_Mat.mat
  artifactKey: Guid(49076442eeb7e054b8e8869f8b40656d) Importer(815301076,1909f56bfc062723c751e8b465ee728b)
Start importing Assets/ExampleAssets/Materials/ConstructionLight_Mat.mat using Guid(49076442eeb7e054b8e8869f8b40656d) Importer(815301076,1909f56bfc062723c751e8b465ee728b)  -> (artifact id: '057c629e9591e646e979d0fd0d9eba29') in 0.383976 seconds 
  Import took 0.388844 seconds .

========================================================================
Received Import Request.
  Time since last request: 0.000212 seconds.
  path: Assets/BodyGuards/Meshes/Materials/Boduguard_02_D.mat
  artifactKey: Guid(6fcd9d698ea07974abf39f90181445d2) Importer(815301076,1909f56bfc062723c751e8b465ee728b)
Start importing Assets/BodyGuards/Meshes/Materials/Boduguard_02_D.mat using Guid(6fcd9d698ea07974abf39f90181445d2) Importer(815301076,1909f56bfc062723c751e8b465ee728b)  -> (artifact id: '7bb30de08f1dc8af9e22fd82c36fd868') in 0.031334 seconds 
  Import took 0.036484 seconds .

========================================================================
Received Import Request.
  Time since last request: 0.000208 seconds.
  path: Assets/BodyGuards/Meshes/Materials/Boduguard_03_D.mat
  artifactKey: Guid(1c568156d9d473c42a9182ac94535a12) Importer(815301076,1909f56bfc062723c751e8b465ee728b)
Start importing Assets/BodyGuards/Meshes/Materials/Boduguard_03_D.mat using Guid(1c568156d9d473c42a9182ac94535a12) Importer(815301076,1909f56bfc062723c751e8b465ee728b)  -> (artifact id: '01ab40962f4a6095d5e90da477a75a85') in 0.220761 seconds 
  Import took 0.226044 seconds .

========================================================================
Received Import Request.
  Time since last request: 0.000217 seconds.
  path: Assets/BodyGuards/Meshes/Materials/Boduguard_01_D.mat
  artifactKey: Guid(27ec51287c78bfb479fe3729111634a4) Importer(815301076,1909f56bfc062723c751e8b465ee728b)
Start importing Assets/BodyGuards/Meshes/Materials/Boduguard_01_D.mat using Guid(27ec51287c78bfb479fe3729111634a4) Importer(815301076,1909f56bfc062723c751e8b465ee728b)  -> (artifact id: 'e093aceb0ecee23596d74ecfb65cad91') in 0.026161 seconds 
  Import took 0.031306 seconds .

========================================================================
Received Import Request.
  Time since last request: 0.000294 seconds.
  path: Assets/ExampleAssets/Materials/DryWall_Mat.mat
  artifactKey: Guid(a68228c24abfa2f4b8954d7b0148f799) Importer(815301076,1909f56bfc062723c751e8b465ee728b)
Start importing Assets/ExampleAssets/Materials/DryWall_Mat.mat using Guid(a68228c24abfa2f4b8954d7b0148f799) Importer(815301076,1909f56bfc062723c751e8b465ee728b)  -> (artifact id: '6b1d94bab502ca3021b8842519c6e122') in 0.018180 seconds 
  Import took 0.023009 seconds .

========================================================================
Received Import Request.
  Time since last request: 0.000237 seconds.
  path: Assets/BodyGuards/Meshes/Materials/Boduguard_03_D.mat
  artifactKey: Guid(1c568156d9d473c42a9182ac94535a12) Importer(815301076,1909f56bfc062723c751e8b465ee728b)
Start importing Assets/BodyGuards/Meshes/Materials/Boduguard_03_D.mat using Guid(1c568156d9d473c42a9182ac94535a12) Importer(815301076,1909f56bfc062723c751e8b465ee728b)  -> (artifact id: '01ab40962f4a6095d5e90da477a75a85') in 0.020472 seconds 
  Import took 0.025671 seconds .

========================================================================
Received Import Request.
  Time since last request: 15.524030 seconds.
  path: Assets/ExampleAssets/Materials/DryWallPainted_Mat.mat
  artifactKey: Guid(9b8eadc4de0544646b75ddcc43f8fd06) Importer(815301076,1909f56bfc062723c751e8b465ee728b)
Start importing Assets/ExampleAssets/Materials/DryWallPainted_Mat.mat using Guid(9b8eadc4de0544646b75ddcc43f8fd06) Importer(815301076,1909f56bfc062723c751e8b465ee728b)  -> (artifact id: 'e084f414280b96736064de24338bc225') in 0.014891 seconds 
  Import took 0.019979 seconds .

========================================================================
Received Import Request.
  Time since last request: 0.037041 seconds.
  path: Assets/ExampleAssets/Materials/Ground_Mat.mat
  artifactKey: Guid(d92ef32394b5f474385d74b565a7bdd7) Importer(815301076,1909f56bfc062723c751e8b465ee728b)
Start importing Assets/ExampleAssets/Materials/Ground_Mat.mat using Guid(d92ef32394b5f474385d74b565a7bdd7) Importer(815301076,1909f56bfc062723c751e8b465ee728b)  -> (artifact id: '464ecfb875d680da63be4f88529f4394') in 0.017372 seconds 
  Import took 0.022411 seconds .

========================================================================
Received Import Request.
  Time since last request: 0.000246 seconds.
  path: Assets/ExampleAssets/Materials/Hammer_Mat.mat
  artifactKey: Guid(4efcffd7ae23f1e41943fd914b18da10) Importer(815301076,1909f56bfc062723c751e8b465ee728b)
Start importing Assets/ExampleAssets/Materials/Hammer_Mat.mat using Guid(4efcffd7ae23f1e41943fd914b18da10) Importer(815301076,1909f56bfc062723c751e8b465ee728b)  -> (artifact id: 'e35e9c0d8e130d6ff509af1a613494d7') in 0.081843 seconds 
  Import took 0.086707 seconds .

========================================================================
Received Import Request.
  Time since last request: 0.000222 seconds.
  path: Assets/ExampleAssets/Materials/Ground_Mat.mat
  artifactKey: Guid(d92ef32394b5f474385d74b565a7bdd7) Importer(815301076,1909f56bfc062723c751e8b465ee728b)
Start importing Assets/ExampleAssets/Materials/Ground_Mat.mat using Guid(d92ef32394b5f474385d74b565a7bdd7) Importer(815301076,1909f56bfc062723c751e8b465ee728b)  -> (artifact id: '464ecfb875d680da63be4f88529f4394') in 0.012625 seconds 
  Import took 0.017016 seconds .

========================================================================
Received Import Request.
  Time since last request: 0.000224 seconds.
  path: Assets/ExampleAssets/Materials/HardHat_Mat.mat
  artifactKey: Guid(e93789f0a5d66df4a81613935579642b) Importer(815301076,1909f56bfc062723c751e8b465ee728b)
Start importing Assets/ExampleAssets/Materials/HardHat_Mat.mat using Guid(e93789f0a5d66df4a81613935579642b) Importer(815301076,1909f56bfc062723c751e8b465ee728b)  -> (artifact id: 'f0451e8e4fc44c0c0ad06b480daab191') in 0.071338 seconds 
  Import took 0.075410 seconds .

========================================================================
Received Import Request.
  Time since last request: 0.388820 seconds.
  path: Assets/ExampleAssets/Materials/Jigsaw_Mat.mat
  artifactKey: Guid(801db2d997a562b4ea333aa4593ce0f0) Importer(815301076,1909f56bfc062723c751e8b465ee728b)
Start importing Assets/ExampleAssets/Materials/Jigsaw_Mat.mat using Guid(801db2d997a562b4ea333aa4593ce0f0) Importer(815301076,1909f56bfc062723c751e8b465ee728b)  -> (artifact id: '8c2c3e8b482bfe7692597efc101f542e') in 0.093486 seconds 
  Import took 0.098436 seconds .

========================================================================
Received Import Request.
  Time since last request: 0.000221 seconds.
  path: Assets/Lesson04/Materials/M_lesson04_flare01.mat
  artifactKey: Guid(97d7182b960f4a04ba9fcdd8007b7894) Importer(815301076,1909f56bfc062723c751e8b465ee728b)
Start importing Assets/Lesson04/Materials/M_lesson04_flare01.mat using Guid(97d7182b960f4a04ba9fcdd8007b7894) Importer(815301076,1909f56bfc062723c751e8b465ee728b)  -> (artifact id: '34a54c3d3d5901b52e7fe2722c83c64f') in 0.015605 seconds 
  Import took 0.019922 seconds .

========================================================================
Received Import Request.
  Time since last request: 0.000244 seconds.
  path: Assets/ExampleAssets/Materials/LightBulb_Mat.mat
  artifactKey: Guid(ec739259ec61f5d4ba3ed6d34fd802a6) Importer(815301076,1909f56bfc062723c751e8b465ee728b)
Start importing Assets/ExampleAssets/Materials/LightBulb_Mat.mat using Guid(ec739259ec61f5d4ba3ed6d34fd802a6) Importer(815301076,1909f56bfc062723c751e8b465ee728b)  -> (artifact id: '6ed9e64f0d16e62cbd185bf095894f5b') in 0.228246 seconds 
  Import took 0.232749 seconds .

========================================================================
Received Import Request.
  Time since last request: 0.000236 seconds.
  path: Assets/Lesson04/Materials/M_lesson04_base01.mat
  artifactKey: Guid(4266bb1ad4cad374e935106e727032b4) Importer(815301076,1909f56bfc062723c751e8b465ee728b)
Start importing Assets/Lesson04/Materials/M_lesson04_base01.mat using Guid(4266bb1ad4cad374e935106e727032b4) Importer(815301076,1909f56bfc062723c751e8b465ee728b)  -> (artifact id: '30519b2a5395e0bd7e372967cd74915a') in 0.013312 seconds 
  Import took 0.018048 seconds .

========================================================================
Received Import Request.
  Time since last request: 0.000257 seconds.
  path: Assets/ExampleAssets/Materials/Liquid_Mat.mat
  artifactKey: Guid(c532880e607f8c84d8b9bf0c46a522ad) Importer(815301076,1909f56bfc062723c751e8b465ee728b)
Start importing Assets/ExampleAssets/Materials/Liquid_Mat.mat using Guid(c532880e607f8c84d8b9bf0c46a522ad) Importer(815301076,1909f56bfc062723c751e8b465ee728b)  -> (artifact id: '3bf9985e948210718225141c8418d287') in 0.052672 seconds 
  Import took 0.057423 seconds .

========================================================================
Received Import Request.
  Time since last request: 0.000247 seconds.
  path: Assets/Lesson04/Materials/M_lesson04_impact01.mat
  artifactKey: Guid(d503187f84537f94ea1ee5b3bc835998) Importer(815301076,1909f56bfc062723c751e8b465ee728b)
Start importing Assets/Lesson04/Materials/M_lesson04_impact01.mat using Guid(d503187f84537f94ea1ee5b3bc835998) Importer(815301076,1909f56bfc062723c751e8b465ee728b)  -> (artifact id: 'ad1a7ee8d3a07aa953074fd2ef9beb91') in 0.011607 seconds 
  Import took 0.016926 seconds .

========================================================================
Received Import Request.
  Time since last request: 0.000280 seconds.
  path: Assets/Lesson04/Materials/M_lesson04_flare02.mat
  artifactKey: Guid(0f2d04647ff26b6408caccf677ef03d2) Importer(815301076,1909f56bfc062723c751e8b465ee728b)
Start importing Assets/Lesson04/Materials/M_lesson04_flare02.mat using Guid(0f2d04647ff26b6408caccf677ef03d2) Importer(815301076,1909f56bfc062723c751e8b465ee728b)  -> (artifact id: '57e62be03dbeb3272750f7fb109b201b') in 0.011611 seconds 
  Import took 0.016100 seconds .

========================================================================
Received Import Request.
  Time since last request: 0.021139 seconds.
  path: Assets/Lesson04/Materials/M_lesson04_shockwave01.mat
  artifactKey: Guid(df3263f9f8cd9324aabe5fe83e13500c) Importer(815301076,1909f56bfc062723c751e8b465ee728b)
Start importing Assets/Lesson04/Materials/M_lesson04_shockwave01.mat using Guid(df3263f9f8cd9324aabe5fe83e13500c) Importer(815301076,1909f56bfc062723c751e8b465ee728b)  -> (artifact id: '716c2184bfaa5711b43e965ec5b44935') in 0.012406 seconds 
  Import took 0.017336 seconds .

========================================================================
Received Import Request.
  Time since last request: 0.030228 seconds.
  path: Assets/Lesson04/Materials/M_lesson04_trail01.mat
  artifactKey: Guid(527d919fa80a1b74d962f4ea77af8b18) Importer(815301076,1909f56bfc062723c751e8b465ee728b)
Start importing Assets/Lesson04/Materials/M_lesson04_trail01.mat using Guid(527d919fa80a1b74d962f4ea77af8b18) Importer(815301076,1909f56bfc062723c751e8b465ee728b)  -> (artifact id: 'a23bc198111b323b4d6046b5e4e2c853') in 0.010787 seconds 
  Import took 0.016395 seconds .

========================================================================
Received Import Request.
  Time since last request: 0.000281 seconds.
  path: Assets/Lesson04/Materials/M_lesson04_trail02.mat
  artifactKey: Guid(95f5770ec436c7a49af5265525dba796) Importer(815301076,1909f56bfc062723c751e8b465ee728b)
Start importing Assets/Lesson04/Materials/M_lesson04_trail02.mat using Guid(95f5770ec436c7a49af5265525dba796) Importer(815301076,1909f56bfc062723c751e8b465ee728b)  -> (artifact id: '5736d9b6311611a445a8ac9618c7d5fd') in 0.011721 seconds 
  Import took 0.016734 seconds .

========================================================================
Received Import Request.
  Time since last request: 0.487510 seconds.
  path: Assets/ExampleAssets/Materials/Metal_Blue_Simple_Mat.mat
  artifactKey: Guid(cd71291c91c8cce499cb663b5db9970e) Importer(815301076,1909f56bfc062723c751e8b465ee728b)
Start importing Assets/ExampleAssets/Materials/Metal_Blue_Simple_Mat.mat using Guid(cd71291c91c8cce499cb663b5db9970e) Importer(815301076,1909f56bfc062723c751e8b465ee728b)  -> (artifact id: '91d0adbd293f6d73553ee1adc198f712') in 0.021970 seconds 
  Import took 0.027061 seconds .

========================================================================
Received Import Request.
  Time since last request: 0.000228 seconds.
  path: Assets/ExampleAssets/Materials/Metal_Simple_Mat.mat
  artifactKey: Guid(a0427cf339e5891468d5f2b433b2d44a) Importer(815301076,1909f56bfc062723c751e8b465ee728b)
Start importing Assets/ExampleAssets/Materials/Metal_Simple_Mat.mat using Guid(a0427cf339e5891468d5f2b433b2d44a) Importer(815301076,1909f56bfc062723c751e8b465ee728b)  -> (artifact id: 'ed8fef95f5cf1ab691e96a9fc0590164') in 0.013878 seconds 
  Import took 0.018164 seconds .

========================================================================
Received Import Request.
  Time since last request: 1005.469970 seconds.
  path: Assets/ExampleAssets/Materials/OBS_Mat.mat
  artifactKey: Guid(c438e5c679f1be040a135443008e2fce) Importer(815301076,1909f56bfc062723c751e8b465ee728b)
Start importing Assets/ExampleAssets/Materials/OBS_Mat.mat using Guid(c438e5c679f1be040a135443008e2fce) Importer(815301076,1909f56bfc062723c751e8b465ee728b)  -> (artifact id: 'efd04199af43445cb2cc288251b06194') in 0.016457 seconds 
  Import took 0.021739 seconds .

========================================================================
Received Import Request.
  Time since last request: 0.000202 seconds.
  path: Assets/ExampleAssets/Materials/Paint1G_WAnim_Material.mat
  artifactKey: Guid(55c183dc45153be48a45c4e530127fb3) Importer(815301076,1909f56bfc062723c751e8b465ee728b)
Start importing Assets/ExampleAssets/Materials/Paint1G_WAnim_Material.mat using Guid(55c183dc45153be48a45c4e530127fb3) Importer(815301076,1909f56bfc062723c751e8b465ee728b)  -> (artifact id: '7b31a38aa84ec72b691f75649480a6fe') in 0.540097 seconds 
  Import took 0.544279 seconds .

========================================================================
Received Import Request.
  Time since last request: 0.000222 seconds.
  path: Assets/ExampleAssets/Materials/OBS_Mat.mat
  artifactKey: Guid(c438e5c679f1be040a135443008e2fce) Importer(815301076,1909f56bfc062723c751e8b465ee728b)
Start importing Assets/ExampleAssets/Materials/OBS_Mat.mat using Guid(c438e5c679f1be040a135443008e2fce) Importer(815301076,1909f56bfc062723c751e8b465ee728b)  -> (artifact id: 'efd04199af43445cb2cc288251b06194') in 0.016625 seconds 
  Import took 0.021290 seconds .

========================================================================
Received Import Request.
  Time since last request: 5.986104 seconds.
  path: Assets/ExampleAssets/Materials/PaintBrush_Mat.mat
  artifactKey: Guid(539165557a9d3744680bb21164bea45e) Importer(815301076,1909f56bfc062723c751e8b465ee728b)
Start importing Assets/ExampleAssets/Materials/PaintBrush_Mat.mat using Guid(539165557a9d3744680bb21164bea45e) Importer(815301076,1909f56bfc062723c751e8b465ee728b)  -> (artifact id: '94f8432233d9ceec849c9f270325d606') in 0.165127 seconds 
  Import took 0.170157 seconds .

========================================================================
Received Import Request.
  Time since last request: 0.166872 seconds.
  path: Assets/ExampleAssets/Materials/PaintLabel_Mat.mat
  artifactKey: Guid(3da4aad06945bbf4baf801c2aacbc01e) Importer(815301076,1909f56bfc062723c751e8b465ee728b)
Start importing Assets/ExampleAssets/Materials/PaintLabel_Mat.mat using Guid(3da4aad06945bbf4baf801c2aacbc01e) Importer(815301076,1909f56bfc062723c751e8b465ee728b)  -> (artifact id: '8c36a7279f016c98e6c23d7bc391d33c') in 0.249318 seconds 
  Import took 0.254253 seconds .

========================================================================
Received Import Request.
  Time since last request: 0.000200 seconds.
  path: Assets/ExampleAssets/Materials/Plastic_Black_Mat.mat
  artifactKey: Guid(e745492728544aa488aa0429b6068e71) Importer(815301076,1909f56bfc062723c751e8b465ee728b)
Start importing Assets/ExampleAssets/Materials/Plastic_Black_Mat.mat using Guid(e745492728544aa488aa0429b6068e71) Importer(815301076,1909f56bfc062723c751e8b465ee728b)  -> (artifact id: '9ec41258e50d7b0724bce6a1b02e69ab') in 0.048829 seconds 
  Import took 0.053066 seconds .

========================================================================
Received Import Request.
  Time since last request: 0.144503 seconds.
  path: Assets/ExampleAssets/Materials/Plastic_Gray_Mat.mat
  artifactKey: Guid(4dad30bbe2213eb4d8312f7bb6190866) Importer(815301076,1909f56bfc062723c751e8b465ee728b)
Start importing Assets/ExampleAssets/Materials/Plastic_Gray_Mat.mat using Guid(4dad30bbe2213eb4d8312f7bb6190866) Importer(815301076,1909f56bfc062723c751e8b465ee728b)  -> (artifact id: '54ab71af590679b32677dc30ed226a51') in 0.019187 seconds 
  Import took 0.024012 seconds .

========================================================================
Received Import Request.
  Time since last request: 0.006169 seconds.
  path: Assets/ExampleAssets/Materials/Plastic_Gray_Mat.mat
  artifactKey: Guid(4dad30bbe2213eb4d8312f7bb6190866) Importer(815301076,1909f56bfc062723c751e8b465ee728b)
Start importing Assets/ExampleAssets/Materials/Plastic_Gray_Mat.mat using Guid(4dad30bbe2213eb4d8312f7bb6190866) Importer(815301076,1909f56bfc062723c751e8b465ee728b)  -> (artifact id: '54ab71af590679b32677dc30ed226a51') in 0.010969 seconds 
  Import took 0.015932 seconds .

========================================================================
Received Import Request.
  Time since last request: 0.016217 seconds.
  path: Assets/ExampleAssets/Materials/Plastic_Ridges_Mat.mat
  artifactKey: Guid(c05de7c865075334786e6a47a543af72) Importer(815301076,1909f56bfc062723c751e8b465ee728b)
Start importing Assets/ExampleAssets/Materials/Plastic_Ridges_Mat.mat using Guid(c05de7c865075334786e6a47a543af72) Importer(815301076,1909f56bfc062723c751e8b465ee728b)  -> (artifact id: '867bca899d157f77d37634eafef9f1aa') in 0.081957 seconds 
  Import took 0.087322 seconds .

========================================================================
Received Import Request.
  Time since last request: 0.000271 seconds.
  path: Assets/ExampleAssets/Materials/Plastic_Rough_Mat.mat
  artifactKey: Guid(a5aaee4111611af43b5abbff184fe5fa) Importer(815301076,1909f56bfc062723c751e8b465ee728b)
Start importing Assets/ExampleAssets/Materials/Plastic_Rough_Mat.mat using Guid(a5aaee4111611af43b5abbff184fe5fa) Importer(815301076,1909f56bfc062723c751e8b465ee728b)  -> (artifact id: 'fe4d08b544b44bbbf01fdafd95ff430a') in 0.050473 seconds 
  Import took 0.055155 seconds .

========================================================================
Received Import Request.
  Time since last request: 0.000225 seconds.
  path: Assets/ExampleAssets/Materials/Plastic_Transparent.mat
  artifactKey: Guid(8a38b7350df9a9c438e568993a00e5c5) Importer(815301076,1909f56bfc062723c751e8b465ee728b)
Start importing Assets/ExampleAssets/Materials/Plastic_Transparent.mat using Guid(8a38b7350df9a9c438e568993a00e5c5) Importer(815301076,1909f56bfc062723c751e8b465ee728b)  -> (artifact id: 'aa88e47cc5ed2495feca365ac46df73c') in 0.018761 seconds 
  Import took 0.023344 seconds .

========================================================================
Received Import Request.
  Time since last request: 0.000193 seconds.
  path: Assets/ExampleAssets/Materials/Plastic_White_Mat.mat
  artifactKey: Guid(6cfe423139c361a459da7ed9831d4b1c) Importer(815301076,1909f56bfc062723c751e8b465ee728b)
Start importing Assets/ExampleAssets/Materials/Plastic_White_Mat.mat using Guid(6cfe423139c361a459da7ed9831d4b1c) Importer(815301076,1909f56bfc062723c751e8b465ee728b)  -> (artifact id: '7270cf5fe7035eb4043b23a71cdca86e') in 0.030790 seconds 
  Import took 0.034912 seconds .

========================================================================
Received Import Request.
  Time since last request: 0.138802 seconds.
  path: Assets/ExampleAssets/Materials/Plastic_Yellow_Mat.mat
  artifactKey: Guid(bd2d742ee2ce7a740ae0cf992a38be74) Importer(815301076,1909f56bfc062723c751e8b465ee728b)
Start importing Assets/ExampleAssets/Materials/Plastic_Yellow_Mat.mat using Guid(bd2d742ee2ce7a740ae0cf992a38be74) Importer(815301076,1909f56bfc062723c751e8b465ee728b)  -> (artifact id: 'b4a82a5da02497828fc2c902b30e60d5') in 0.017126 seconds 
  Import took 0.022121 seconds .

========================================================================
Received Import Request.
  Time since last request: 0.000225 seconds.
  path: Assets/BodyGuards/Meshes/Materials/Screen.mat
  artifactKey: Guid(d96e8d03daef94649bd028f4efd2773f) Importer(815301076,1909f56bfc062723c751e8b465ee728b)
Start importing Assets/BodyGuards/Meshes/Materials/Screen.mat using Guid(d96e8d03daef94649bd028f4efd2773f) Importer(815301076,1909f56bfc062723c751e8b465ee728b)  -> (artifact id: '6e9dbeb9b48e55949eab50dcdec21053') in 0.032592 seconds 
  Import took 0.037068 seconds .

========================================================================
Received Import Request.
  Time since last request: 0.000197 seconds.
  path: Assets/ShadeR/Material/Spawn.mat
  artifactKey: Guid(68fc5ebb002ad354f8c1d24d933910d2) Importer(815301076,1909f56bfc062723c751e8b465ee728b)
Start importing Assets/ShadeR/Material/Spawn.mat using Guid(68fc5ebb002ad354f8c1d24d933910d2) Importer(815301076,1909f56bfc062723c751e8b465ee728b)  -> (artifact id: '27d6d7c7cd1ca8bf33e87fa288121cb4') in 0.025906 seconds 
  Import took 0.030231 seconds .

========================================================================
Received Import Request.
  Time since last request: 0.014321 seconds.
  path: Assets/ExampleAssets/Materials/Strap_Mat.mat
  artifactKey: Guid(81c1860e7800e5340bf8a54c565ba9ea) Importer(815301076,1909f56bfc062723c751e8b465ee728b)
Start importing Assets/ExampleAssets/Materials/Strap_Mat.mat using Guid(81c1860e7800e5340bf8a54c565ba9ea) Importer(815301076,1909f56bfc062723c751e8b465ee728b)  -> (artifact id: 'a542234631127ea0c107d7d268657760') in 0.045285 seconds 
  Import took 0.050232 seconds .

========================================================================
Received Import Request.
  Time since last request: 0.000224 seconds.
  path: Assets/ExampleAssets/Materials/Stud_Mat.mat
  artifactKey: Guid(027cb3d3d7dc79d41ad763e01759de07) Importer(815301076,1909f56bfc062723c751e8b465ee728b)
Start importing Assets/ExampleAssets/Materials/Stud_Mat.mat using Guid(027cb3d3d7dc79d41ad763e01759de07) Importer(815301076,1909f56bfc062723c751e8b465ee728b)  -> (artifact id: '2fa2aecd2a25a8d8aaf6cdad1b5a242e') in 0.014105 seconds 
  Import took 0.018793 seconds .

========================================================================
Received Import Request.
  Time since last request: 2043.325462 seconds.
  path: Assets/Prefab
  artifactKey: Guid(ee8097de4aa4a0246a7762928ba09212) Importer(815301076,1909f56bfc062723c751e8b465ee728b)
Start importing Assets/Prefab using Guid(ee8097de4aa4a0246a7762928ba09212) Importer(815301076,1909f56bfc062723c751e8b465ee728b)  -> (artifact id: 'aeb543aed40353edfbff41cdc8383e98') in 0.006459 seconds 
  Import took 0.011458 seconds .

========================================================================
Received Import Request.
  Time since last request: 2.337357 seconds.
  path: Assets/Prefab/Star.prefab
  artifactKey: Guid(b1e7b1ab366f7304d8507dd5c89a5d2e) Importer(815301076,1909f56bfc062723c751e8b465ee728b)
Start importing Assets/Prefab/Star.prefab using Guid(b1e7b1ab366f7304d8507dd5c89a5d2e) Importer(815301076,1909f56bfc062723c751e8b465ee728b)  -> (artifact id: '52248756f2f3fd94eca92280aaaad719') in 0.011019 seconds 
  Import took 0.016000 seconds .

========================================================================
Received Import Request.
  Time since last request: 127.016881 seconds.
  path: Assets/Lesson04/Models/SM_lesson04_hemisphere01.fbx
  artifactKey: Guid(218d227dadb466e458a9ddad4e2703db) Importer(815301076,1909f56bfc062723c751e8b465ee728b)
Start importing Assets/Lesson04/Models/SM_lesson04_hemisphere01.fbx using Guid(218d227dadb466e458a9ddad4e2703db) Importer(815301076,1909f56bfc062723c751e8b465ee728b)  -> (artifact id: 'd1ce7f81948ba6707b7dadfe6330dbe5') in 0.114233 seconds 
  Import took 0.119558 seconds .

