Using pre-set license
Built from '2020.3/release' branch; Version is '2020.3.12f1 (b3b2c6512326) revision 11776710'; Using compiler version '192528614'; Build Type 'Release'
OS: 'Windows 10 Home; OS build 19043.1415; Version 2009; 64bit' Language: 'ko' Physical Memory: 16239 MB
BatchMode: 1, IsHumanControllingUs: 0, StartBugReporterOnCrash: 0, Is64bit: 1, IsPro: 0

 COMMAND LINE ARGUMENTS:
D:\uni\2020.3.12f1\Editor\Unity.exe
-adb2
-batchMode
-noUpm
-name
AssetImportWorker1
-projectPath
D:/UnityFX/URP
-logFile
Logs/AssetImportWorker1.log
-srvPort
64056
Successfully changed project path to: D:/UnityFX/URP
D:/UnityFX/URP
Using Asset Import Pipeline V2.
Refreshing native plugins compatible for Editor in 71.63 ms, found 2 plugins.
Preloading 0 native plugins for Editor in 0.00 ms.
Initialize engine version: 2020.3.12f1 (b3b2c6512326)
[Subsystems] Discovering subsystems at path D:/uni/2020.3.12f1/Editor/Data/Resources/UnitySubsystems
[Subsystems] Discovering subsystems at path D:/UnityFX/URP/Assets
GfxDevice: creating device client; threaded=0
Direct3D:
    Version:  Direct3D 11.0 [level 11.1]
    Renderer: NVIDIA GeForce GTX 1060 (ID=0x1c20)
    Vendor:   
    VRAM:     6052 MB
    Driver:   30.0.14.7212
Shader 'Universal Render Pipeline/Particles/Lit': fallback shader 'Universal Render Pipeline/Particles/SimpleLit' not found
Initialize mono
Mono path[0] = 'D:/uni/2020.3.12f1/Editor/Data/Managed'
Mono path[1] = 'D:/uni/2020.3.12f1/Editor/Data/MonoBleedingEdge/lib/mono/unityjit'
Mono config path = 'D:/uni/2020.3.12f1/Editor/Data/MonoBleedingEdge/etc'
Using monoOptions --debugger-agent=transport=dt_socket,embedding=1,server=y,suspend=n,address=127.0.0.1:56940
Begin MonoManager ReloadAssembly
Registering precompiled unity dll's ...
Register platform support module: D:/uni/2020.3.12f1/Editor/Data/PlaybackEngines/WindowsStandaloneSupport/UnityEditor.WindowsStandalone.Extensions.dll
Registered in 0.001266 seconds.
Native extension for WindowsStandalone target not found
Refreshing native plugins compatible for Editor in 60.67 ms, found 2 plugins.
Preloading 0 native plugins for Editor in 0.00 ms.
Mono: successfully reloaded assembly
- Completed reload, in  1.190 seconds
Platform modules already initialized, skipping
Registering precompiled user dll's ...
Registered in 0.004429 seconds.
Begin MonoManager ReloadAssembly
Native extension for WindowsStandalone target not found
Refreshing native plugins compatible for Editor in 71.99 ms, found 2 plugins.
Preloading 0 native plugins for Editor in 0.00 ms.
Mono: successfully reloaded assembly
- Completed reload, in  3.208 seconds
Platform modules already initialized, skipping
========================================================================
Worker process is ready to serve import requests
Shader 'Universal Render Pipeline/Particles/Lit': fallback shader 'Universal Render Pipeline/Particles/SimpleLit' not found
Launched and connected shader compiler UnityShaderCompiler.exe after 0.36 seconds
Refreshing native plugins compatible for Editor in 0.71 ms, found 2 plugins.
Preloading 0 native plugins for Editor in 0.00 ms.
Unloading 2814 Unused Serialized files (Serialized files now loaded: 0)
System memory in use before: 136.6 MB.
System memory in use after: 136.5 MB.

Unloading 26 unused Assets to reduce memory usage. Loaded Objects now: 3245.
Total: 4.191100 ms (FindLiveObjects: 0.328800 ms CreateObjectMapping: 0.255800 ms MarkObjects: 3.227100 ms  DeleteObjects: 0.378000 ms)

AssetImportParameters requested are different than current active one (requested -> active):
  custom:framework-win-MediaFoundation: 216162199b28c13a410421893ffa2e32 -> 
  custom:video-decoder-ogg-theora: a1e56fd34408186e4bbccfd4996cb3dc -> 
  custom:container-muxer-webm: aa71ff27fc2769a1b78a27578f13a17b -> 
  custom:container-demuxer-webm: 4f35f7cbe854078d1ac9338744f61a02 -> 
  custom:container-demuxer-ogg: 62fdf1f143b41e24485cea50d1cbac27 -> 
  custom:video-encoder-webm-vp8: eb34c28f22e8b96e1ab97ce403110664 -> 
  custom:video-decoder-webm-vp8: 9c59270c3fd7afecdb556c50c9e8de78 -> 
  custom:audio-decoder-ogg-vorbis: bf7c407c2cedff20999df2af8eb42d56 -> 
  custom:audio-encoder-webm-vorbis: bf7c407c2cedff20999df2af8eb42d56 -> 
========================================================================
Received Import Request.
  path: Assets/BodyGuards/Textures/Boduguard_01_Ao.tga
  artifactKey: Guid(8bec9d2b7901f934993b6e4b4f530d2c) Importer(815301076,1909f56bfc062723c751e8b465ee728b)
Start importing Assets/BodyGuards/Textures/Boduguard_01_Ao.tga using Guid(8bec9d2b7901f934993b6e4b4f530d2c) Importer(815301076,1909f56bfc062723c751e8b465ee728b)  -> (artifact id: '6ae430385f87accd47e06806e4d7f718') in 0.348465 seconds 
  Import took 0.355813 seconds .

========================================================================
Received Import Request.
  Time since last request: 0.000501 seconds.
  path: Assets/BodyGuards/Textures/Boduguard_01_N.tga
  artifactKey: Guid(542c0bc0f8220ad4fa97f4ac60d10aec) Importer(815301076,1909f56bfc062723c751e8b465ee728b)
Start importing Assets/BodyGuards/Textures/Boduguard_01_N.tga using Guid(542c0bc0f8220ad4fa97f4ac60d10aec) Importer(815301076,1909f56bfc062723c751e8b465ee728b)  -> (artifact id: '31d69bae89906270dbe9211626675a72') in 0.091703 seconds 
  Import took 0.200358 seconds .

========================================================================
Received Import Request.
  Time since last request: 0.000337 seconds.
  path: Assets/BodyGuards/Meshes/Materials/Screen.mat
  artifactKey: Guid(d96e8d03daef94649bd028f4efd2773f) Importer(815301076,1909f56bfc062723c751e8b465ee728b)
Start importing Assets/BodyGuards/Meshes/Materials/Screen.mat using Guid(d96e8d03daef94649bd028f4efd2773f) Importer(815301076,1909f56bfc062723c751e8b465ee728b)  -> (artifact id: '9b6c064e8b4cf35b80fd8fdc407d0c22') in 0.573179 seconds 
  Import took 0.625336 seconds .

========================================================================
Received Import Request.
  Time since last request: 0.000236 seconds.
  path: Assets/BodyGuards/Meshes/screen.fbx
  artifactKey: Guid(a6e4323446051b94e961883501d13337) Importer(815301076,1909f56bfc062723c751e8b465ee728b)
Start importing Assets/BodyGuards/Meshes/screen.fbx using Guid(a6e4323446051b94e961883501d13337) Importer(815301076,1909f56bfc062723c751e8b465ee728b)  -> (artifact id: '78c2224ed36818c9d2afcf55166c4cae') in 0.445480 seconds 
  Import took 0.562896 seconds .

========================================================================
Received Import Request.
  Time since last request: 0.000351 seconds.
  path: Assets/BodyGuards/Meshes/Materials
  artifactKey: Guid(d72682d1f6f96254e9d53e34ddb4c246) Importer(815301076,1909f56bfc062723c751e8b465ee728b)
Start importing Assets/BodyGuards/Meshes/Materials using Guid(d72682d1f6f96254e9d53e34ddb4c246) Importer(815301076,1909f56bfc062723c751e8b465ee728b)  -> (artifact id: '8b0e75112524e5ba578f2e9ca015e303') in 0.007695 seconds 
  Import took 0.093804 seconds .

========================================================================
Received Import Request.
  Time since last request: 0.000379 seconds.
  path: Assets/BodyGuards/Meshes/Materials/Boduguard_02_D.mat
  artifactKey: Guid(6fcd9d698ea07974abf39f90181445d2) Importer(815301076,1909f56bfc062723c751e8b465ee728b)
Start importing Assets/BodyGuards/Meshes/Materials/Boduguard_02_D.mat using Guid(6fcd9d698ea07974abf39f90181445d2) Importer(815301076,1909f56bfc062723c751e8b465ee728b)  -> (artifact id: 'fd4bd67b7bb35fec3f7831431bf6a2b2') in 0.042292 seconds 
  Import took 0.067882 seconds .

========================================================================
Received Import Request.
  Time since last request: 0.000288 seconds.
  path: Assets/Presets
  artifactKey: Guid(558255460b74ec04fa70b5570e9327bd) Importer(815301076,1909f56bfc062723c751e8b465ee728b)
Start importing Assets/Presets using Guid(558255460b74ec04fa70b5570e9327bd) Importer(815301076,1909f56bfc062723c751e8b465ee728b)  -> (artifact id: 'e1966229f3d7993f283b578bcf544b58') in 0.005599 seconds 
  Import took 0.052795 seconds .

========================================================================
Received Import Request.
  Time since last request: 0.000371 seconds.
  path: Assets/BodyGuards/Textures/Boduguard_01_D.tga
  artifactKey: Guid(0882e157fc9368c44ae9b825c74cf1af) Importer(815301076,1909f56bfc062723c751e8b465ee728b)
Start importing Assets/BodyGuards/Textures/Boduguard_01_D.tga using Guid(0882e157fc9368c44ae9b825c74cf1af) Importer(815301076,1909f56bfc062723c751e8b465ee728b)  -> (artifact id: '3ddb9f5c860d147043e055434ac6bcce') in 0.049118 seconds 
  Import took 0.053825 seconds .

========================================================================
Received Import Request.
  Time since last request: 0.000237 seconds.
  path: Assets/Presets/AudioStreaming.preset
  artifactKey: Guid(86bcce7f5575b54408aa0f3a7d321039) Importer(815301076,1909f56bfc062723c751e8b465ee728b)
Start importing Assets/Presets/AudioStreaming.preset using Guid(86bcce7f5575b54408aa0f3a7d321039) Importer(815301076,1909f56bfc062723c751e8b465ee728b)  -> (artifact id: '9982fbd60bc57b892b2c54d34a0163c0') in 0.061098 seconds 
  Import took 0.085673 seconds .

========================================================================
Received Import Request.
  Time since last request: 0.000263 seconds.
  path: Assets/BodyGuards/Textures/Boduguard_01_S.tga
  artifactKey: Guid(5b3c912b65d23a74cb3e721f3f7090b0) Importer(815301076,1909f56bfc062723c751e8b465ee728b)
Start importing Assets/BodyGuards/Textures/Boduguard_01_S.tga using Guid(5b3c912b65d23a74cb3e721f3f7090b0) Importer(815301076,1909f56bfc062723c751e8b465ee728b)  -> (artifact id: '0d5c76f573fb564d28b6764f4f1989ea') in 0.015343 seconds 
  Import took 0.040217 seconds .

========================================================================
Received Import Request.
  Time since last request: 0.000258 seconds.
  path: Assets/BodyGuards/Textures/Boduguard_02_N.tga
  artifactKey: Guid(4b534fe9e5393554dafc0aef62f69c5c) Importer(815301076,1909f56bfc062723c751e8b465ee728b)
Start importing Assets/BodyGuards/Textures/Boduguard_02_N.tga using Guid(4b534fe9e5393554dafc0aef62f69c5c) Importer(815301076,1909f56bfc062723c751e8b465ee728b)  -> (artifact id: '9c8b9435613fd67a27f4c2769dcfa6c0') in 0.016079 seconds 
  Import took 0.023500 seconds .

========================================================================
Received Import Request.
  Time since last request: 0.000277 seconds.
  path: Assets/BodyGuards/Textures/Boduguard_02_D.tga
  artifactKey: Guid(d8505e7e18d338c4fba1e1250fefbf6f) Importer(815301076,1909f56bfc062723c751e8b465ee728b)
Start importing Assets/BodyGuards/Textures/Boduguard_02_D.tga using Guid(d8505e7e18d338c4fba1e1250fefbf6f) Importer(815301076,1909f56bfc062723c751e8b465ee728b)  -> (artifact id: '4946361b3a11e84da2cfd5a5f11a9369') in 0.014940 seconds 
  Import took 0.058704 seconds .

========================================================================
Received Import Request.
  Time since last request: 0.000297 seconds.
  path: Assets/ExampleAssets/Models/jigsaw_low.fbx
  artifactKey: Guid(8b73e8872ca76104bbca4ee2b704a1b4) Importer(815301076,1909f56bfc062723c751e8b465ee728b)
Start importing Assets/ExampleAssets/Models/jigsaw_low.fbx using Guid(8b73e8872ca76104bbca4ee2b704a1b4) Importer(815301076,1909f56bfc062723c751e8b465ee728b)  -> (artifact id: '87b286f23ab1406b66ffa7fd117ec63a') in 0.143366 seconds 
  Import took 0.289537 seconds .

========================================================================
Received Import Request.
  Time since last request: 0.000322 seconds.
  path: Assets/ExampleAssets/Models/magneticlevel_low.fbx
  artifactKey: Guid(bae110eee250e4b418b188f4ae4e3170) Importer(815301076,1909f56bfc062723c751e8b465ee728b)
Start importing Assets/ExampleAssets/Models/magneticlevel_low.fbx using Guid(bae110eee250e4b418b188f4ae4e3170) Importer(815301076,1909f56bfc062723c751e8b465ee728b)  -> (artifact id: 'b7daa638a4f61892d85b4e50fee1e849') in 0.352660 seconds 
  Import took 0.809226 seconds .

========================================================================
Received Import Request.
  Time since last request: 0.000343 seconds.
  path: Assets/BodyGuards/Textures/Boduguard_02_S.tga
  artifactKey: Guid(8be71c89d8f17fb49857815df64070ed) Importer(815301076,1909f56bfc062723c751e8b465ee728b)
Start importing Assets/BodyGuards/Textures/Boduguard_02_S.tga using Guid(8be71c89d8f17fb49857815df64070ed) Importer(815301076,1909f56bfc062723c751e8b465ee728b)  -> (artifact id: '35576f01863b2a319ad578d55b27cc6c') in 0.016918 seconds 
  Import took 0.023356 seconds .

========================================================================
Received Import Request.
  Time since last request: 0.000347 seconds.
  path: Assets/BodyGuards/Meshes/SkelMesh_Bodyguard_04.fbx
  artifactKey: Guid(69e0bf832ba8212478b45616cc569f75) Importer(815301076,1909f56bfc062723c751e8b465ee728b)
Start importing Assets/BodyGuards/Meshes/SkelMesh_Bodyguard_04.fbx using Guid(69e0bf832ba8212478b45616cc569f75) Importer(815301076,1909f56bfc062723c751e8b465ee728b)  -> (artifact id: '8f381f2c0ddfe0765b1eaebe5cf2f56a') in 0.137887 seconds 
  Import took 0.256180 seconds .

========================================================================
Received Import Request.
  Time since last request: 0.000289 seconds.
  path: Assets/ExampleAssets/Models/brush_low.fbx
  artifactKey: Guid(aed8c47425ab91f4eb06ce6fe47c3e4e) Importer(815301076,1909f56bfc062723c751e8b465ee728b)
Start importing Assets/ExampleAssets/Models/brush_low.fbx using Guid(aed8c47425ab91f4eb06ce6fe47c3e4e) Importer(815301076,1909f56bfc062723c751e8b465ee728b)  -> (artifact id: '3e9112836ff5ae65005d884998ee7751') in 0.051715 seconds 
  Import took 0.080122 seconds .

========================================================================
Received Import Request.
  Time since last request: 0.000423 seconds.
  path: Assets/Presets/AudioCompressedInMemory.preset
  artifactKey: Guid(2dd802e4d37c65149922028d3e973832) Importer(815301076,1909f56bfc062723c751e8b465ee728b)
Start importing Assets/Presets/AudioCompressedInMemory.preset using Guid(2dd802e4d37c65149922028d3e973832) Importer(815301076,1909f56bfc062723c751e8b465ee728b)  -> (artifact id: 'ac4de02398cfe62c06251b0f50233ebf') in 0.014581 seconds 
  Import took 0.021503 seconds .

========================================================================
Received Import Request.
  Time since last request: 0.000278 seconds.
  path: Assets/ExampleAssets/Models/Workshop_Set.fbx
  artifactKey: Guid(47616bd0cda748d4cbedcfc908506b9d) Importer(815301076,1909f56bfc062723c751e8b465ee728b)
Start importing Assets/ExampleAssets/Models/Workshop_Set.fbx using Guid(47616bd0cda748d4cbedcfc908506b9d) Importer(815301076,1909f56bfc062723c751e8b465ee728b)  -> (artifact id: 'e07793a4d2b03e0e09167bfceb24a94b') in 0.151041 seconds 
  Import took 0.156583 seconds .

========================================================================
Received Import Request.
  Time since last request: 0.000314 seconds.
  path: Assets/BodyGuards/Textures/Boduguard_03_D.tga
  artifactKey: Guid(ea0477d0fedaf194584b96f19b534c3e) Importer(815301076,1909f56bfc062723c751e8b465ee728b)
Start importing Assets/BodyGuards/Textures/Boduguard_03_D.tga using Guid(ea0477d0fedaf194584b96f19b534c3e) Importer(815301076,1909f56bfc062723c751e8b465ee728b)  -> (artifact id: '69f3fe4973c27d0de4d7cb70c8207ef6') in 0.022183 seconds 
  Import took 0.062658 seconds .

========================================================================
Received Import Request.
  Time since last request: 0.000254 seconds.
  path: Assets/ExampleAssets/Models/ConstructionLight_Low.fbx
  artifactKey: Guid(e3ae06a3979f53046aa05330d69de1fa) Importer(815301076,1909f56bfc062723c751e8b465ee728b)
Start importing Assets/ExampleAssets/Models/ConstructionLight_Low.fbx using Guid(e3ae06a3979f53046aa05330d69de1fa) Importer(815301076,1909f56bfc062723c751e8b465ee728b)  -> (artifact id: '89b2f32173df055a9d31b242b3d5989c') in 0.078326 seconds 
  Import took 0.088202 seconds .

========================================================================
Received Import Request.
  Time since last request: 0.000306 seconds.
  path: Assets/Presets/NormalTexture.preset
  artifactKey: Guid(14a57cf3b9fa1c74b884aa7e0dcf1faa) Importer(815301076,1909f56bfc062723c751e8b465ee728b)
Start importing Assets/Presets/NormalTexture.preset using Guid(14a57cf3b9fa1c74b884aa7e0dcf1faa) Importer(815301076,1909f56bfc062723c751e8b465ee728b)  -> (artifact id: '9c195482fc53bc4f53f643643f636469') in 0.012038 seconds 
  Import took 0.017243 seconds .

========================================================================
Received Import Request.
  Time since last request: 0.000315 seconds.
  path: Assets/BodyGuards/Textures
  artifactKey: Guid(85018af47128e85489ad69f66552d4a2) Importer(815301076,1909f56bfc062723c751e8b465ee728b)
Start importing Assets/BodyGuards/Textures using Guid(85018af47128e85489ad69f66552d4a2) Importer(815301076,1909f56bfc062723c751e8b465ee728b)  -> (artifact id: '8f253407dcdf32b9046b4db8d25c368f') in 0.008426 seconds 
  Import took 0.014806 seconds .

========================================================================
Received Import Request.
  Time since last request: 0.000289 seconds.
  path: Assets/Presets/Defaults
  artifactKey: Guid(71ea82b02df99c2439e0dc8e4e1ebc24) Importer(815301076,1909f56bfc062723c751e8b465ee728b)
Start importing Assets/Presets/Defaults using Guid(71ea82b02df99c2439e0dc8e4e1ebc24) Importer(815301076,1909f56bfc062723c751e8b465ee728b)  -> (artifact id: 'a2a56981c996a89ef789297d7a3fb242') in 0.008230 seconds 
  Import took 0.089143 seconds .

========================================================================
Received Import Request.
  Time since last request: 0.000303 seconds.
  path: Assets/BodyGuards/Meshes/SkelMesh_Bodyguard_01.fbx
  artifactKey: Guid(bdd7a03fd93bf2d4cb6babd63ceabee8) Importer(815301076,1909f56bfc062723c751e8b465ee728b)
Start importing Assets/BodyGuards/Meshes/SkelMesh_Bodyguard_01.fbx using Guid(bdd7a03fd93bf2d4cb6babd63ceabee8) Importer(815301076,1909f56bfc062723c751e8b465ee728b)  -> (artifact id: '7c9fcb5c44c7df3c824cbb2fe41065c4') in 0.079131 seconds 
  Import took 0.177129 seconds .

========================================================================
Received Import Request.
  Time since last request: 0.000261 seconds.
  path: Assets/ExampleAssets/Models/safetyhat_low.fbx
  artifactKey: Guid(9d0d902f71acfe646a46cb625f815a49) Importer(815301076,1909f56bfc062723c751e8b465ee728b)
Start importing Assets/ExampleAssets/Models/safetyhat_low.fbx using Guid(9d0d902f71acfe646a46cb625f815a49) Importer(815301076,1909f56bfc062723c751e8b465ee728b)  -> (artifact id: '5935c6193b6a59e066fce2003b46692c') in 0.024701 seconds 
  Import took 0.054773 seconds .

========================================================================
Received Import Request.
  Time since last request: 0.000255 seconds.
  path: Assets/BodyGuards/Meshes/Materials/Boduguard_03_D.mat
  artifactKey: Guid(1c568156d9d473c42a9182ac94535a12) Importer(815301076,1909f56bfc062723c751e8b465ee728b)
Start importing Assets/BodyGuards/Meshes/Materials/Boduguard_03_D.mat using Guid(1c568156d9d473c42a9182ac94535a12) Importer(815301076,1909f56bfc062723c751e8b465ee728b)  -> (artifact id: '80919da45251ebc2ccc313a5e6760b88') in 0.019669 seconds 
  Import took 0.052905 seconds .

========================================================================
Received Import Request.
  Time since last request: 0.000217 seconds.
  path: Assets/ExampleAssets/Models/small_plane.fbx
  artifactKey: Guid(aeaee610429f51f44981e141eb2a3545) Importer(815301076,1909f56bfc062723c751e8b465ee728b)
Start importing Assets/ExampleAssets/Models/small_plane.fbx using Guid(aeaee610429f51f44981e141eb2a3545) Importer(815301076,1909f56bfc062723c751e8b465ee728b)  -> (artifact id: 'f21ffefb080f2bc5460e0e031b036c2e') in 0.048926 seconds 
  Import took 0.070598 seconds .

========================================================================
Received Import Request.
  Time since last request: 0.000159 seconds.
  path: Assets/ExampleAssets/Models/hammer_low.fbx
  artifactKey: Guid(68a66fb5a71f8204a8dcb613c97d1fa8) Importer(815301076,1909f56bfc062723c751e8b465ee728b)
Start importing Assets/ExampleAssets/Models/hammer_low.fbx using Guid(68a66fb5a71f8204a8dcb613c97d1fa8) Importer(815301076,1909f56bfc062723c751e8b465ee728b)  -> (artifact id: 'a0098d2334523c92cc3d702ca4ee63b2') in 0.025032 seconds 
  Import took 0.032030 seconds .

========================================================================
Received Import Request.
  Time since last request: 0.000345 seconds.
  path: Assets/ExampleAssets/Models/safetygoggles_low.fbx
  artifactKey: Guid(6296e48663fd7ad46b1a2af507f871cf) Importer(815301076,1909f56bfc062723c751e8b465ee728b)
Start importing Assets/ExampleAssets/Models/safetygoggles_low.fbx using Guid(6296e48663fd7ad46b1a2af507f871cf) Importer(815301076,1909f56bfc062723c751e8b465ee728b)  -> (artifact id: '4ae8946a3f99a923f7803907a8c27ead') in 0.039384 seconds 
  Import took 0.073552 seconds .

========================================================================
Received Import Request.
  Time since last request: 0.000199 seconds.
  path: Assets/ExampleAssets/Models/Stud.fbx
  artifactKey: Guid(34624edaccd9d704a95ed404d919b492) Importer(815301076,1909f56bfc062723c751e8b465ee728b)
Start importing Assets/ExampleAssets/Models/Stud.fbx using Guid(34624edaccd9d704a95ed404d919b492) Importer(815301076,1909f56bfc062723c751e8b465ee728b)  -> (artifact id: 'fb17f227481600cbf7b05869a1581d00') in 0.033683 seconds 
  Import took 0.072285 seconds .

========================================================================
Received Import Request.
  Time since last request: 0.000217 seconds.
  path: Assets/BodyGuards
  artifactKey: Guid(632eaa8c88bf4c646a6077f1c31044c9) Importer(815301076,1909f56bfc062723c751e8b465ee728b)
Start importing Assets/BodyGuards using Guid(632eaa8c88bf4c646a6077f1c31044c9) Importer(815301076,1909f56bfc062723c751e8b465ee728b)  -> (artifact id: 'd156fc928620646c4947a809ce42b00b') in 0.006399 seconds 
  Import took 0.023943 seconds .

========================================================================
Received Import Request.
  Time since last request: 0.000205 seconds.
  path: Assets/BodyGuards/Textures/Boduguard_02_Ao.tga
  artifactKey: Guid(30afadbf948915849a277a91e4eb6d01) Importer(815301076,1909f56bfc062723c751e8b465ee728b)
Start importing Assets/BodyGuards/Textures/Boduguard_02_Ao.tga using Guid(30afadbf948915849a277a91e4eb6d01) Importer(815301076,1909f56bfc062723c751e8b465ee728b)  -> (artifact id: '31a738c87b6927c267f735bc76dcd04a') in 0.014110 seconds 
  Import took 0.019488 seconds .

========================================================================
Received Import Request.
  Time since last request: 0.000278 seconds.
  path: Assets/BodyGuards/Textures/Boduguard_03_Ao.tga
  artifactKey: Guid(ad84309fd7596a7449d9d8cb704b30f4) Importer(815301076,1909f56bfc062723c751e8b465ee728b)
Start importing Assets/BodyGuards/Textures/Boduguard_03_Ao.tga using Guid(ad84309fd7596a7449d9d8cb704b30f4) Importer(815301076,1909f56bfc062723c751e8b465ee728b)  -> (artifact id: '24700d4a6f7dbf6c0ea579d264129a81') in 0.017241 seconds 
  Import took 0.036000 seconds .

========================================================================
Received Import Request.
  Time since last request: 0.000373 seconds.
  path: Assets/ExampleAssets/Models
  artifactKey: Guid(aa97895f3852bd44399ef0893bec4f5e) Importer(815301076,1909f56bfc062723c751e8b465ee728b)
Start importing Assets/ExampleAssets/Models using Guid(aa97895f3852bd44399ef0893bec4f5e) Importer(815301076,1909f56bfc062723c751e8b465ee728b)  -> (artifact id: '148bd1374e384877c948124b2b92d031') in 0.007860 seconds 
  Import took 0.021915 seconds .

========================================================================
Received Import Request.
  Time since last request: 0.000231 seconds.
  path: Assets/ExampleAssets/Models/paintbucket_low.fbx
  artifactKey: Guid(b451a052397f03c4f8a04d915d1c0492) Importer(815301076,1909f56bfc062723c751e8b465ee728b)
Start importing Assets/ExampleAssets/Models/paintbucket_low.fbx using Guid(b451a052397f03c4f8a04d915d1c0492) Importer(815301076,1909f56bfc062723c751e8b465ee728b)  -> (artifact id: '3fb120b6ed1c9690f3c18633a9ae2dd0') in 0.064193 seconds 
  Import took 0.072546 seconds .

========================================================================
Received Import Request.
  Time since last request: 0.000255 seconds.
  path: Assets/BodyGuards/Textures/Boduguard_03_S.tga
  artifactKey: Guid(13c234ed86c11ed45877a9b065136542) Importer(815301076,1909f56bfc062723c751e8b465ee728b)
Start importing Assets/BodyGuards/Textures/Boduguard_03_S.tga using Guid(13c234ed86c11ed45877a9b065136542) Importer(815301076,1909f56bfc062723c751e8b465ee728b)  -> (artifact id: '351be5e952a69e4d98b737a7509b0750') in 0.014753 seconds 
  Import took 0.033207 seconds .

========================================================================
Received Import Request.
  Time since last request: 0.000274 seconds.
  path: Assets/BodyGuards/Meshes
  artifactKey: Guid(58be548191514404fa8e88c926160bd7) Importer(815301076,1909f56bfc062723c751e8b465ee728b)
Start importing Assets/BodyGuards/Meshes using Guid(58be548191514404fa8e88c926160bd7) Importer(815301076,1909f56bfc062723c751e8b465ee728b)  -> (artifact id: '83b4db8c363c502de3c9b1ce73de2ceb') in 0.006877 seconds 
  Import took 0.048530 seconds .

========================================================================
Received Import Request.
  Time since last request: 0.000184 seconds.
  path: Assets/Presets/Defaults/AlbedoTexture_Default.preset
  artifactKey: Guid(e8537455c6c08bd4e8bf0be3707da685) Importer(815301076,1909f56bfc062723c751e8b465ee728b)
Start importing Assets/Presets/Defaults/AlbedoTexture_Default.preset using Guid(e8537455c6c08bd4e8bf0be3707da685) Importer(815301076,1909f56bfc062723c751e8b465ee728b)  -> (artifact id: 'a39f5c6fcb9ea97bf434963b23d33ea7') in 0.010427 seconds 
  Import took 0.042189 seconds .

========================================================================
Received Import Request.
  Time since last request: 0.000189 seconds.
  path: Assets/ExampleAssets/Models/Workbench.fbx
  artifactKey: Guid(efe9381559c516743bd05cef82f39ebb) Importer(815301076,1909f56bfc062723c751e8b465ee728b)
Start importing Assets/ExampleAssets/Models/Workbench.fbx using Guid(efe9381559c516743bd05cef82f39ebb) Importer(815301076,1909f56bfc062723c751e8b465ee728b)  -> (artifact id: '9763579b58169ef327fd8d483de42484') in 0.080089 seconds 
  Import took 0.113960 seconds .

========================================================================
Received Import Request.
  Time since last request: 0.000222 seconds.
  path: Assets/Presets/Defaults/AudioDecompressOnLoad.preset
  artifactKey: Guid(e7689051185d12f4298e1ebb2693a29f) Importer(815301076,1909f56bfc062723c751e8b465ee728b)
Start importing Assets/Presets/Defaults/AudioDecompressOnLoad.preset using Guid(e7689051185d12f4298e1ebb2693a29f) Importer(815301076,1909f56bfc062723c751e8b465ee728b)  -> (artifact id: '89d1cf06e67cef88edace491fed66d7e') in 0.031734 seconds 
  Import took 0.036373 seconds .

========================================================================
Received Import Request.
  Time since last request: 0.000275 seconds.
  path: Assets/BodyGuards/Textures/Boduguard_03_N.tga
  artifactKey: Guid(f22d5b607195c95459236ec533e7df06) Importer(815301076,1909f56bfc062723c751e8b465ee728b)
Start importing Assets/BodyGuards/Textures/Boduguard_03_N.tga using Guid(f22d5b607195c95459236ec533e7df06) Importer(815301076,1909f56bfc062723c751e8b465ee728b)  -> (artifact id: 'e624b564f2eca990f64d8670811a5521') in 0.019177 seconds 
  Import took 0.119487 seconds .

========================================================================
Received Import Request.
  Time since last request: 0.000312 seconds.
  path: Assets/Presets/UtilityTexture.preset
  artifactKey: Guid(45f7b2e3c78185248b3adbb14429c2ab) Importer(815301076,1909f56bfc062723c751e8b465ee728b)
Start importing Assets/Presets/UtilityTexture.preset using Guid(45f7b2e3c78185248b3adbb14429c2ab) Importer(815301076,1909f56bfc062723c751e8b465ee728b)  -> (artifact id: 'ab9c1faeeb59b745cafa0ae79c874a42') in 0.030834 seconds 
  Import took 0.034986 seconds .

========================================================================
Received Import Request.
  Time since last request: 0.000282 seconds.
  path: Assets/ExampleAssets
  artifactKey: Guid(990f5c2df70993f4987a388ca178996a) Importer(815301076,1909f56bfc062723c751e8b465ee728b)
Start importing Assets/ExampleAssets using Guid(990f5c2df70993f4987a388ca178996a) Importer(815301076,1909f56bfc062723c751e8b465ee728b)  -> (artifact id: 'd5ac45704b3e904ca5b19a6457cc79ac') in 0.007298 seconds 
  Import took 0.045322 seconds .

========================================================================
Received Import Request.
  Time since last request: 0.000265 seconds.
  path: Assets/BodyGuards/Meshes/SkelMesh_Bodyguard_03.fbx
  artifactKey: Guid(6996385895b383749b266464bf872c69) Importer(815301076,1909f56bfc062723c751e8b465ee728b)
Start importing Assets/BodyGuards/Meshes/SkelMesh_Bodyguard_03.fbx using Guid(6996385895b383749b266464bf872c69) Importer(815301076,1909f56bfc062723c751e8b465ee728b)  -> (artifact id: 'cd894a4b24a9804a80ff9c218de8035c') in 0.082961 seconds 
  Import took 0.087640 seconds .

========================================================================
Received Import Request.
  Time since last request: 0.000300 seconds.
  path: Assets/BodyGuards/Meshes/SkelMesh_Bodyguard_02.fbx
  artifactKey: Guid(765e2fde8c84f094e99304c6198491ea) Importer(815301076,1909f56bfc062723c751e8b465ee728b)
Start importing Assets/BodyGuards/Meshes/SkelMesh_Bodyguard_02.fbx using Guid(765e2fde8c84f094e99304c6198491ea) Importer(815301076,1909f56bfc062723c751e8b465ee728b)  -> (artifact id: '1d73ce42446a8fe915cd78c3746cefbf') in 0.077440 seconds 
  Import took 0.125617 seconds .

========================================================================
Received Import Request.
  Time since last request: 0.000262 seconds.
  path: Assets/Presets/Defaults/DirectionalLight_Default.preset
  artifactKey: Guid(463065d4f17d1d94d848aa127b94dd43) Importer(815301076,1909f56bfc062723c751e8b465ee728b)
Start importing Assets/Presets/Defaults/DirectionalLight_Default.preset using Guid(463065d4f17d1d94d848aa127b94dd43) Importer(815301076,1909f56bfc062723c751e8b465ee728b)  -> (artifact id: '51a078c6ae54eb254be36a9378726b4a') in 0.035459 seconds 
  Import took 0.040575 seconds .

========================================================================
Received Import Request.
  Time since last request: 0.000264 seconds.
  path: Assets/ExampleAssets/Models/Workbench_Low.fbx
  artifactKey: Guid(ff6dc36862fe41641bb21568d92147c9) Importer(815301076,1909f56bfc062723c751e8b465ee728b)
Start importing Assets/ExampleAssets/Models/Workbench_Low.fbx using Guid(ff6dc36862fe41641bb21568d92147c9) Importer(815301076,1909f56bfc062723c751e8b465ee728b)  -> (artifact id: '5f99d08570cdde3afaf55ae1a8262d9b') in 0.081927 seconds 
  Import took 0.161025 seconds .

========================================================================
Received Import Request.
  Time since last request: 0.000238 seconds.
  path: Assets/BodyGuards/Meshes/Materials/Boduguard_01_D.mat
  artifactKey: Guid(27ec51287c78bfb479fe3729111634a4) Importer(815301076,1909f56bfc062723c751e8b465ee728b)
Start importing Assets/BodyGuards/Meshes/Materials/Boduguard_01_D.mat using Guid(27ec51287c78bfb479fe3729111634a4) Importer(815301076,1909f56bfc062723c751e8b465ee728b)  -> (artifact id: '78e79f3f76e16d2043c7db8087fb91a5') in 0.020268 seconds 
  Import took 0.028608 seconds .

========================================================================
Received Import Request.
  Time since last request: 19.737927 seconds.
  path: Assets/ShadeR/Shader/Spawn.shadergraph
  artifactKey: Guid(f7493860296694d468990df7bdae7e06) Importer(815301076,1909f56bfc062723c751e8b465ee728b)
Start importing Assets/ShadeR/Shader/Spawn.shadergraph using Guid(f7493860296694d468990df7bdae7e06) Importer(815301076,1909f56bfc062723c751e8b465ee728b)  -> (artifact id: '7b017744eb7f5b6abc6d4457d3a14a0b') in 0.010804 seconds 
  Import took 0.016614 seconds .

========================================================================
Received Import Request.
  Time since last request: 0.525576 seconds.
  path: Assets/ShadeR/Shader/Spawn.shadergraph
  artifactKey: Guid(f7493860296694d468990df7bdae7e06) Importer(815301076,1909f56bfc062723c751e8b465ee728b)
Start importing Assets/ShadeR/Shader/Spawn.shadergraph using Guid(f7493860296694d468990df7bdae7e06) Importer(815301076,1909f56bfc062723c751e8b465ee728b)  -> (artifact id: '7b017744eb7f5b6abc6d4457d3a14a0b') in 0.004815 seconds 
  Import took 0.064102 seconds .

========================================================================
Received Import Request.
  Time since last request: 905.377776 seconds.
  path: Assets/ShadeR/Shader/Spawn.shadergraph
  artifactKey: Guid(f7493860296694d468990df7bdae7e06) Importer(815301076,1909f56bfc062723c751e8b465ee728b)
Start importing Assets/ShadeR/Shader/Spawn.shadergraph using Guid(f7493860296694d468990df7bdae7e06) Importer(815301076,1909f56bfc062723c751e8b465ee728b)  -> (artifact id: '806bb03501db484c8e226af876e3e3ee') in 0.005910 seconds 
  Import took 0.014164 seconds .

========================================================================
Received Import Request.
  Time since last request: 14.977872 seconds.
  path: Assets/ShadeR/Material/Spawn.mat
  artifactKey: Guid(68fc5ebb002ad354f8c1d24d933910d2) Importer(815301076,1909f56bfc062723c751e8b465ee728b)
Start importing Assets/ShadeR/Material/Spawn.mat using Guid(68fc5ebb002ad354f8c1d24d933910d2) Importer(815301076,1909f56bfc062723c751e8b465ee728b)  -> (artifact id: '4c2ab5c6e357892c15c503c1eefa8c34') in 0.023345 seconds 
  Import took 0.071366 seconds .

========================================================================
Received Import Request.
  Time since last request: 289.129595 seconds.
  path: Assets/ShadeR/Material/Spawn.mat
  artifactKey: Guid(68fc5ebb002ad354f8c1d24d933910d2) Importer(815301076,1909f56bfc062723c751e8b465ee728b)
Start importing Assets/ShadeR/Material/Spawn.mat using Guid(68fc5ebb002ad354f8c1d24d933910d2) Importer(815301076,1909f56bfc062723c751e8b465ee728b)  -> (artifact id: '488a820df57b6349b28313bc850f0867') in 0.316360 seconds 
  Import took 0.350399 seconds .

========================================================================
Received Import Request.
  Time since last request: 60.845158 seconds.
  path: Assets/ShadeR/Material/Spawn.mat
  artifactKey: Guid(68fc5ebb002ad354f8c1d24d933910d2) Importer(815301076,1909f56bfc062723c751e8b465ee728b)
Start importing Assets/ShadeR/Material/Spawn.mat using Guid(68fc5ebb002ad354f8c1d24d933910d2) Importer(815301076,1909f56bfc062723c751e8b465ee728b)  -> (artifact id: 'd28e2d1de58f3e0b9f26df54bcf2aef5') in 0.032024 seconds 
  Import took 0.088104 seconds .

AssetImportWorkerClient::OnTransportError - code=2 error=End of file
