Using pre-set license
Built from '2020.3/release' branch; Version is '2020.3.12f1 (b3b2c6512326) revision 11776710'; Using compiler version '192528614'; Build Type 'Release'
OS: 'Windows 10 Home; OS build 19043.1415; Version 2009; 64bit' Language: 'ko' Physical Memory: 16239 MB
BatchMode: 1, IsHumanControllingUs: 0, StartBugReporterOnCrash: 0, Is64bit: 1, IsPro: 0

 COMMAND LINE ARGUMENTS:
D:\uni\2020.3.12f1\Editor\Unity.exe
-adb2
-batchMode
-noUpm
-name
AssetImportWorker2
-projectPath
D:/UnityFX/EffectProject
-logFile
Logs/AssetImportWorker2.log
-srvPort
57005
Successfully changed project path to: D:/UnityFX/EffectProject
D:/UnityFX/EffectProject
Using Asset Import Pipeline V2.
Refreshing native plugins compatible for Editor in 47.01 ms, found 2 plugins.
Preloading 0 native plugins for Editor in 0.00 ms.
Initialize engine version: 2020.3.12f1 (b3b2c6512326)
[Subsystems] Discovering subsystems at path D:/uni/2020.3.12f1/Editor/Data/Resources/UnitySubsystems
[Subsystems] Discovering subsystems at path D:/UnityFX/EffectProject/Assets
GfxDevice: creating device client; threaded=0
Direct3D:
    Version:  Direct3D 11.0 [level 11.1]
    Renderer: NVIDIA GeForce GTX 1060 (ID=0x1c20)
    Vendor:   
    VRAM:     6052 MB
    Driver:   30.0.14.7212
Initialize mono
Mono path[0] = 'D:/uni/2020.3.12f1/Editor/Data/Managed'
Mono path[1] = 'D:/uni/2020.3.12f1/Editor/Data/MonoBleedingEdge/lib/mono/unityjit'
Mono config path = 'D:/uni/2020.3.12f1/Editor/Data/MonoBleedingEdge/etc'
Using monoOptions --debugger-agent=transport=dt_socket,embedding=1,server=y,suspend=n,address=127.0.0.1:56572
Begin MonoManager ReloadAssembly
Registering precompiled unity dll's ...
Register platform support module: D:/uni/2020.3.12f1/Editor/Data/PlaybackEngines/WindowsStandaloneSupport/UnityEditor.WindowsStandalone.Extensions.dll
Registered in 0.001334 seconds.
Native extension for WindowsStandalone target not found
Refreshing native plugins compatible for Editor in 66.21 ms, found 2 plugins.
Preloading 0 native plugins for Editor in 0.00 ms.
Mono: successfully reloaded assembly
- Completed reload, in  1.152 seconds
Platform modules already initialized, skipping
Registering precompiled user dll's ...
Registered in 0.003830 seconds.
Begin MonoManager ReloadAssembly
Native extension for WindowsStandalone target not found
Refreshing native plugins compatible for Editor in 47.27 ms, found 2 plugins.
Preloading 0 native plugins for Editor in 0.00 ms.
Mono: successfully reloaded assembly
- Completed reload, in  5.894 seconds
Platform modules already initialized, skipping
========================================================================
Worker process is ready to serve import requests
Shader 'Universal Render Pipeline/Particles/Lit': fallback shader 'Universal Render Pipeline/Particles/SimpleLit' not found
Shader 'Universal Render Pipeline/Particles/Lit': fallback shader 'Universal Render Pipeline/Particles/SimpleLit' not found
Launched and connected shader compiler UnityShaderCompiler.exe after 0.43 seconds
Refreshing native plugins compatible for Editor in 0.54 ms, found 2 plugins.
Preloading 0 native plugins for Editor in 0.00 ms.
Unloading 2831 Unused Serialized files (Serialized files now loaded: 0)
System memory in use before: 153.0 MB.
System memory in use after: 150.4 MB.

Unloading 52 unused Assets to reduce memory usage. Loaded Objects now: 3255.
Total: 3.883700 ms (FindLiveObjects: 0.288400 ms CreateObjectMapping: 0.145500 ms MarkObjects: 2.111000 ms  DeleteObjects: 1.337200 ms)

AssetImportParameters requested are different than current active one (requested -> active):
  custom:framework-win-MediaFoundation: 216162199b28c13a410421893ffa2e32 -> 
  custom:video-decoder-ogg-theora: a1e56fd34408186e4bbccfd4996cb3dc -> 
  custom:container-muxer-webm: aa71ff27fc2769a1b78a27578f13a17b -> 
  custom:container-demuxer-webm: 4f35f7cbe854078d1ac9338744f61a02 -> 
  custom:container-demuxer-ogg: 62fdf1f143b41e24485cea50d1cbac27 -> 
  custom:video-encoder-webm-vp8: eb34c28f22e8b96e1ab97ce403110664 -> 
  custom:video-decoder-webm-vp8: 9c59270c3fd7afecdb556c50c9e8de78 -> 
  custom:audio-decoder-ogg-vorbis: bf7c407c2cedff20999df2af8eb42d56 -> 
  custom:audio-encoder-webm-vorbis: bf7c407c2cedff20999df2af8eb42d56 -> 
========================================================================
Received Import Request.
  path: Assets/Shader/Material
  artifactKey: Guid(962da01a5b467614885bdcb3bd305ac4) Importer(815301076,1909f56bfc062723c751e8b465ee728b)
Start importing Assets/Shader/Material using Guid(962da01a5b467614885bdcb3bd305ac4) Importer(815301076,1909f56bfc062723c751e8b465ee728b)  -> (artifact id: '66f08a8a8c4927dbb700d01a19ba9049') in 0.031234 seconds 
  Import took 0.178414 seconds .

========================================================================
Received Import Request.
  Time since last request: 554.178536 seconds.
  path: Assets/Shader
  artifactKey: Guid(ee211fc0e49063b43a808a8ecec4e45f) Importer(815301076,1909f56bfc062723c751e8b465ee728b)
Start importing Assets/Shader using Guid(ee211fc0e49063b43a808a8ecec4e45f) Importer(815301076,1909f56bfc062723c751e8b465ee728b)  -> (artifact id: 'f88784ab22dfe9cf5a9f3f831f269b4e') in 0.010885 seconds 
  Import took 0.206168 seconds .

========================================================================
Received Import Request.
  Time since last request: 7.303051 seconds.
  path: Assets/Shader/Shader
  artifactKey: Guid(4489bb1189565a147ace62ee8bc3c91f) Importer(815301076,1909f56bfc062723c751e8b465ee728b)
Start importing Assets/Shader/Shader using Guid(4489bb1189565a147ace62ee8bc3c91f) Importer(815301076,1909f56bfc062723c751e8b465ee728b)  -> (artifact id: 'eb17b42eef2de729faa5ec20dca85ee1') in 0.005695 seconds 
  Import took 0.025084 seconds .

========================================================================
Received Import Request.
  Time since last request: 478.663960 seconds.
  path: Assets/Shader/Shader/Test1.shadergraph
  artifactKey: Guid(009c3c061cd80044fa2342b212ee7ee6) Importer(815301076,1909f56bfc062723c751e8b465ee728b)
Start importing Assets/Shader/Shader/Test1.shadergraph using Guid(009c3c061cd80044fa2342b212ee7ee6) Importer(815301076,1909f56bfc062723c751e8b465ee728b)  -> (artifact id: 'c7b37b76f0f02eb83190bf0c4979b35e') in 0.082420 seconds 
  Import took 0.131324 seconds .

========================================================================
Received Import Request.
  Time since last request: 5.561469 seconds.
  path: Assets/Shader/Shader/Test1.shadergraph
  artifactKey: Guid(009c3c061cd80044fa2342b212ee7ee6) Importer(815301076,1909f56bfc062723c751e8b465ee728b)
Start importing Assets/Shader/Shader/Test1.shadergraph using Guid(009c3c061cd80044fa2342b212ee7ee6) Importer(815301076,1909f56bfc062723c751e8b465ee728b)  -> (artifact id: 'c7b37b76f0f02eb83190bf0c4979b35e') in 0.007840 seconds 
  Import took 0.061335 seconds .

========================================================================
Received Import Request.
  Time since last request: 1980.210499 seconds.
  path: Assets/Shader/Material/New Material.mat
  artifactKey: Guid(277e9f97d2bc4c149a9e162a6d99e38e) Importer(815301076,1909f56bfc062723c751e8b465ee728b)
Start importing Assets/Shader/Material/New Material.mat using Guid(277e9f97d2bc4c149a9e162a6d99e38e) Importer(815301076,1909f56bfc062723c751e8b465ee728b)  -> (artifact id: '3cb6c0491d28141e6166e0e3db477249') in 1.408517 seconds 
  Import took 1.436405 seconds .

========================================================================
Received Import Request.
  Time since last request: 720.233734 seconds.
  path: Assets/Shader/Shader/Test1.shadergraph
  artifactKey: Guid(009c3c061cd80044fa2342b212ee7ee6) Importer(815301076,1909f56bfc062723c751e8b465ee728b)
Start importing Assets/Shader/Shader/Test1.shadergraph using Guid(009c3c061cd80044fa2342b212ee7ee6) Importer(815301076,1909f56bfc062723c751e8b465ee728b)  -> (artifact id: '1ffa0e5465dead524aed325bf3987b3a') in 0.011233 seconds 
  Import took 0.089958 seconds .

========================================================================
Received Import Request.
  Time since last request: 0.304314 seconds.
  path: Assets/Shader/Shader/Test1.shadergraph
  artifactKey: Guid(009c3c061cd80044fa2342b212ee7ee6) Importer(815301076,1909f56bfc062723c751e8b465ee728b)
Start importing Assets/Shader/Shader/Test1.shadergraph using Guid(009c3c061cd80044fa2342b212ee7ee6) Importer(815301076,1909f56bfc062723c751e8b465ee728b)  -> (artifact id: '1ffa0e5465dead524aed325bf3987b3a') in 0.007997 seconds 
  Import took 0.014942 seconds .

========================================================================
Received Prepare
Registering precompiled user dll's ...
Registered in 0.260702 seconds.
Begin MonoManager ReloadAssembly
Native extension for WindowsStandalone target not found
Refreshing native plugins compatible for Editor in 114.81 ms, found 2 plugins.
Preloading 0 native plugins for Editor in 0.00 ms.
Mono: successfully reloaded assembly
- Completed reload, in  3.754 seconds
Platform modules already initialized, skipping
Shader 'HDRP/TerrainLit': dependency 'BaseMapGenShader' shader 'Hidden/HDRP/TerrainLit_BasemapGen' not found
Shader 'Universal Render Pipeline/Particles/Lit': fallback shader 'Universal Render Pipeline/Particles/SimpleLit' not found
Shader 'Universal Render Pipeline/Particles/Lit': fallback shader 'Universal Render Pipeline/Particles/SimpleLit' not found
Refreshing native plugins compatible for Editor in 0.75 ms, found 2 plugins.
Preloading 0 native plugins for Editor in 0.00 ms.
Unloading 3998 Unused Serialized files (Serialized files now loaded: 0)
System memory in use before: 210.7 MB.
System memory in use after: 200.3 MB.

Unloading 133 unused Assets to reduce memory usage. Loaded Objects now: 4501.
Total: 8.617500 ms (FindLiveObjects: 0.346700 ms CreateObjectMapping: 0.150100 ms MarkObjects: 2.498700 ms  DeleteObjects: 5.620800 ms)

AssetImportParameters requested are different than current active one (requested -> active):
  custom:framework-win-MediaFoundation: 216162199b28c13a410421893ffa2e32 -> 
  custom:video-decoder-ogg-theora: a1e56fd34408186e4bbccfd4996cb3dc -> 
  custom:container-muxer-webm: aa71ff27fc2769a1b78a27578f13a17b -> 
  custom:container-demuxer-webm: 4f35f7cbe854078d1ac9338744f61a02 -> 
  custom:container-demuxer-ogg: 62fdf1f143b41e24485cea50d1cbac27 -> 
  custom:video-encoder-webm-vp8: eb34c28f22e8b96e1ab97ce403110664 -> 
  custom:video-decoder-webm-vp8: 9c59270c3fd7afecdb556c50c9e8de78 -> 
  custom:audio-decoder-ogg-vorbis: bf7c407c2cedff20999df2af8eb42d56 -> 
  custom:audio-encoder-webm-vorbis: bf7c407c2cedff20999df2af8eb42d56 -> 
========================================================================
Received Import Request.
  Time since last request: 1337.882632 seconds.
  path: Assets/Shader/Material/New Material.mat
  artifactKey: Guid(277e9f97d2bc4c149a9e162a6d99e38e) Importer(815301076,1909f56bfc062723c751e8b465ee728b)
Start importing Assets/Shader/Material/New Material.mat using Guid(277e9f97d2bc4c149a9e162a6d99e38e) Importer(815301076,1909f56bfc062723c751e8b465ee728b)  -> (artifact id: 'dce18298e310acca218096d1d86a8f95') in 0.337496 seconds 
  Import took 0.346757 seconds .

========================================================================
Received Prepare
Shader 'Universal Render Pipeline/Particles/Lit': fallback shader 'Universal Render Pipeline/Particles/SimpleLit' not found
Shader 'Universal Render Pipeline/Particles/Lit': fallback shader 'Universal Render Pipeline/Particles/SimpleLit' not found
Refreshing native plugins compatible for Editor in 3.09 ms, found 2 plugins.
Preloading 0 native plugins for Editor in 0.00 ms.
Unloading 133 Unused Serialized files (Serialized files now loaded: 0)
System memory in use before: 134.8 MB.
System memory in use after: 124.4 MB.

Unloading 131 unused Assets to reduce memory usage. Loaded Objects now: 4650.
Total: 9.653000 ms (FindLiveObjects: 0.372700 ms CreateObjectMapping: 0.173100 ms MarkObjects: 3.137000 ms  DeleteObjects: 5.969500 ms)

AssetImportParameters requested are different than current active one (requested -> active):
  custom:framework-win-MediaFoundation: 216162199b28c13a410421893ffa2e32 -> 
  custom:video-decoder-ogg-theora: a1e56fd34408186e4bbccfd4996cb3dc -> 
  custom:container-muxer-webm: aa71ff27fc2769a1b78a27578f13a17b -> 
  custom:container-demuxer-webm: 4f35f7cbe854078d1ac9338744f61a02 -> 
  custom:container-demuxer-ogg: 62fdf1f143b41e24485cea50d1cbac27 -> 
  custom:srp/default-shader: 0d000000000000000000000000000000 -> 00a0da0d000000000000000000000000
  custom:video-encoder-webm-vp8: eb34c28f22e8b96e1ab97ce403110664 -> 
  custom:video-decoder-webm-vp8: 9c59270c3fd7afecdb556c50c9e8de78 -> 
  custom:audio-decoder-ogg-vorbis: bf7c407c2cedff20999df2af8eb42d56 -> 
  custom:audio-encoder-webm-vorbis: bf7c407c2cedff20999df2af8eb42d56 -> 
========================================================================
Received Import Request.
  Time since last request: 156.949929 seconds.
  path: Assets/Shader/Shader/Test1.shadergraph
  artifactKey: Guid(009c3c061cd80044fa2342b212ee7ee6) Importer(815301076,1909f56bfc062723c751e8b465ee728b)
Start importing Assets/Shader/Shader/Test1.shadergraph using Guid(009c3c061cd80044fa2342b212ee7ee6) Importer(815301076,1909f56bfc062723c751e8b465ee728b)  -> (artifact id: '7e5dd8b7343b299abcd53e16a555b474') in 0.051964 seconds 
  Import took 0.059854 seconds .

========================================================================
Received Import Request.
  Time since last request: 0.473822 seconds.
  path: Assets/Shader/Shader/Test1.shadergraph
  artifactKey: Guid(009c3c061cd80044fa2342b212ee7ee6) Importer(815301076,1909f56bfc062723c751e8b465ee728b)
Start importing Assets/Shader/Shader/Test1.shadergraph using Guid(009c3c061cd80044fa2342b212ee7ee6) Importer(815301076,1909f56bfc062723c751e8b465ee728b)  -> (artifact id: '7e5dd8b7343b299abcd53e16a555b474') in 0.003403 seconds 
  Import took 0.012729 seconds .

========================================================================
Received Import Request.
  Time since last request: 18.277151 seconds.
  path: Assets/Shader/Shader/ShaderTest1.shadergraph
  artifactKey: Guid(e92564c9a49ace945aca909a56a8474d) Importer(815301076,1909f56bfc062723c751e8b465ee728b)
Start importing Assets/Shader/Shader/ShaderTest1.shadergraph using Guid(e92564c9a49ace945aca909a56a8474d) Importer(815301076,1909f56bfc062723c751e8b465ee728b)  -> (artifact id: 'd50469244c169cb2e5d5e7dce305b588') in 0.013075 seconds 
  Import took 0.022763 seconds .

========================================================================
Received Import Request.
  Time since last request: 0.181271 seconds.
  path: Assets/Shader/Shader/ShaderTest1.shadergraph
  artifactKey: Guid(e92564c9a49ace945aca909a56a8474d) Importer(815301076,1909f56bfc062723c751e8b465ee728b)
Start importing Assets/Shader/Shader/ShaderTest1.shadergraph using Guid(e92564c9a49ace945aca909a56a8474d) Importer(815301076,1909f56bfc062723c751e8b465ee728b)  -> (artifact id: 'd50469244c169cb2e5d5e7dce305b588') in 0.006610 seconds 
  Import took 0.015417 seconds .

========================================================================
Received Import Request.
  Time since last request: 63.038299 seconds.
  path: Assets/Shader/Shader/New Shader Graph.shadergraph
  artifactKey: Guid(c6d1e1d76d8217545a96ee9c4e359194) Importer(815301076,1909f56bfc062723c751e8b465ee728b)
Start importing Assets/Shader/Shader/New Shader Graph.shadergraph using Guid(c6d1e1d76d8217545a96ee9c4e359194) Importer(815301076,1909f56bfc062723c751e8b465ee728b)  -> (artifact id: '74af7aa307f2ebec03aa772ef9bc3dba') in 0.017694 seconds 
  Import took 0.029301 seconds .

========================================================================
Received Import Request.
  Time since last request: 119.922456 seconds.
  path: Assets/Shader/Shader/NewSurfaceShader.shader
  artifactKey: Guid(e46b4757395f6a748aa239ab0831db93) Importer(815301076,1909f56bfc062723c751e8b465ee728b)
Start importing Assets/Shader/Shader/NewSurfaceShader.shader using Guid(e46b4757395f6a748aa239ab0831db93) Importer(815301076,1909f56bfc062723c751e8b465ee728b)  -> (artifact id: '821b08a0a65d7a44f1ea10f66d523ff2') in 0.020221 seconds 
  Import took 0.028997 seconds .

========================================================================
Received Import Request.
  Time since last request: 0.026369 seconds.
  path: Assets/Shader/Shader/NewSurfaceShader.shader
  artifactKey: Guid(e46b4757395f6a748aa239ab0831db93) Importer(815301076,1909f56bfc062723c751e8b465ee728b)
Start importing Assets/Shader/Shader/NewSurfaceShader.shader using Guid(e46b4757395f6a748aa239ab0831db93) Importer(815301076,1909f56bfc062723c751e8b465ee728b)  -> (artifact id: '821b08a0a65d7a44f1ea10f66d523ff2') in 0.008332 seconds 
  Import took 0.020562 seconds .

AssetImportWorkerClient::OnTransportError - code=2 error=End of file
